Using pre-set license
Built from '2022.3/china_unity/release' branch; Version is '2022.3.16f1c1 (2f3f1b3bde89) revision 3096347'; Using compiler version '192829333'; Build Type 'Release'
OS: 'Windows 10  (10.0.19045) 64bit Education' Language: 'zh' Physical Memory: 15716 MB
BatchMode: 1, IsHumanControllingUs: 0, StartBugReporterOnCrash: 0, Is64bit: 1, IsPro: 1

COMMAND LINE ARGUMENTS:
C:\Program Files\Unity\Hub\Editor\2022.3.16f1c1\Editor\Unity.exe
-adb2
-batchMode
-noUpm
-name
AssetImportWorker11
-projectPath
D:/TheGreatLearning5/Software_design/THU-escaping
-logFile
Logs/AssetImportWorker11.log
-srvPort
64166
Successfully changed project path to: D:/TheGreatLearning5/Software_design/THU-escaping
D:/TheGreatLearning5/Software_design/THU-escaping
[UnityMemory] Configuration Parameters - Can be set up in boot.config
    "memorysetup-bucket-allocator-granularity=16"
    "memorysetup-bucket-allocator-bucket-count=8"
    "memorysetup-bucket-allocator-block-size=33554432"
    "memorysetup-bucket-allocator-block-count=8"
    "memorysetup-main-allocator-block-size=16777216"
    "memorysetup-thread-allocator-block-size=16777216"
    "memorysetup-gfx-main-allocator-block-size=16777216"
    "memorysetup-gfx-thread-allocator-block-size=16777216"
    "memorysetup-cache-allocator-block-size=4194304"
    "memorysetup-typetree-allocator-block-size=2097152"
    "memorysetup-profiler-bucket-allocator-granularity=16"
    "memorysetup-profiler-bucket-allocator-bucket-count=8"
    "memorysetup-profiler-bucket-allocator-block-size=33554432"
    "memorysetup-profiler-bucket-allocator-block-count=8"
    "memorysetup-profiler-allocator-block-size=16777216"
    "memorysetup-profiler-editor-allocator-block-size=1048576"
    "memorysetup-temp-allocator-size-main=16777216"
    "memorysetup-job-temp-allocator-block-size=2097152"
    "memorysetup-job-temp-allocator-block-size-background=1048576"
    "memorysetup-job-temp-allocator-reduction-small-platforms=262144"
    "memorysetup-allocator-temp-initial-block-size-main=262144"
    "memorysetup-allocator-temp-initial-block-size-worker=262144"
    "memorysetup-temp-allocator-size-background-worker=32768"
    "memorysetup-temp-allocator-size-job-worker=262144"
    "memorysetup-temp-allocator-size-preload-manager=33554432"
    "memorysetup-temp-allocator-size-nav-mesh-worker=65536"
    "memorysetup-temp-allocator-size-audio-worker=65536"
    "memorysetup-temp-allocator-size-cloud-worker=32768"
    "memorysetup-temp-allocator-size-gi-baking-worker=262144"
    "memorysetup-temp-allocator-size-gfx=262144"
Player connection [33496] Host "[IP] 169.254.132.0 [Port] 0 [Flags] 2 [Guid] 3185776490 [EditorId] 3185776490 [Version] 1048832 [Id] WindowsEditor(7,DESKTOP-UF9109I) [Debug] 1 [PackageName] WindowsEditor [ProjectName] Editor" joined multi-casting on [225.0.0.222:54997]...

Player connection [33496] Host "[IP] 169.254.132.0 [Port] 0 [Flags] 2 [Guid] 3185776490 [EditorId] 3185776490 [Version] 1048832 [Id] WindowsEditor(7,DESKTOP-UF9109I) [Debug] 1 [PackageName] WindowsEditor [ProjectName] Editor" joined alternative multi-casting on [225.0.0.222:34997]...

[Physics::Module] Initialized MultithreadedJobDispatcher with 15 workers.
Refreshing native plugins compatible for Editor in 13.83 ms, found 3 plugins.
Preloading 0 native plugins for Editor in 0.00 ms.
Initialize engine version: 2022.3.16f1c1 (2f3f1b3bde89)
[Subsystems] Discovering subsystems at path C:/Program Files/Unity/Hub/Editor/2022.3.16f1c1/Editor/Data/Resources/UnitySubsystems
[Subsystems] Discovering subsystems at path D:/TheGreatLearning5/Software_design/THU-escaping/Assets
GfxDevice: creating device client; threaded=0; jobified=0
Direct3D:
    Version:  Direct3D 11.0 [level 11.1]
    Renderer: NVIDIA T600 Laptop GPU (ID=0x1fba)
    Vendor:   NVIDIA
    VRAM:     3950 MB
    Driver:   31.0.15.4626
Initialize mono
Mono path[0] = 'C:/Program Files/Unity/Hub/Editor/2022.3.16f1c1/Editor/Data/Managed'
Mono path[1] = 'C:/Program Files/Unity/Hub/Editor/2022.3.16f1c1/Editor/Data/MonoBleedingEdge/lib/mono/unityjit-win32'
Mono config path = 'C:/Program Files/Unity/Hub/Editor/2022.3.16f1c1/Editor/Data/MonoBleedingEdge/etc'
Using monoOptions --debugger-agent=transport=dt_socket,embedding=1,server=y,suspend=n,address=127.0.0.1:56692
Begin MonoManager ReloadAssembly
Registering precompiled unity dll's ...
Register platform support module: C:/Program Files/Unity/Hub/Editor/2022.3.16f1c1/Editor/Data/PlaybackEngines/WindowsStandaloneSupport/UnityEditor.WindowsStandalone.Extensions.dll
Registered in 0.010942 seconds.
- Loaded All Assemblies, in  0.351 seconds
Native extension for WindowsStandalone target not found
Mono: successfully reloaded assembly
- Finished resetting the current domain, in  0.246 seconds
Domain Reload Profiling: 593ms
	BeginReloadAssembly (114ms)
		ExecutionOrderSort (0ms)
		DisableScriptedObjects (0ms)
		BackupInstance (0ms)
		ReleaseScriptingObjects (0ms)
		CreateAndSetChildDomain (1ms)
	RebuildCommonClasses (37ms)
	RebuildNativeTypeToScriptingClass (10ms)
	initialDomainReloadingComplete (72ms)
	LoadAllAssembliesAndSetupDomain (115ms)
		LoadAssemblies (110ms)
		RebuildTransferFunctionScriptingTraits (0ms)
		AnalyzeDomain (113ms)
			TypeCache.Refresh (111ms)
				TypeCache.ScanAssembly (99ms)
			ScanForSourceGeneratedMonoScriptInfo (0ms)
			ResolveRequiredComponents (0ms)
	FinalizeReload (246ms)
		ReleaseScriptCaches (0ms)
		RebuildScriptCaches (0ms)
		SetupLoadedEditorAssemblies (194ms)
			LogAssemblyErrors (0ms)
			InitializePlatformSupportModulesInManaged (10ms)
			SetLoadedEditorAssemblies (7ms)
			RefreshPlugins (0ms)
			BeforeProcessingInitializeOnLoad (2ms)
			ProcessInitializeOnLoadAttributes (131ms)
			ProcessInitializeOnLoadMethodAttributes (43ms)
			AfterProcessingInitializeOnLoad (0ms)
			EditorAssembliesLoaded (0ms)
		ExecutionOrderSort2 (0ms)
		AwakeInstancesAfterBackupRestoration (0ms)
========================================================================
Worker process is ready to serve import requests
Begin MonoManager ReloadAssembly
- Loaded All Assemblies, in  0.603 seconds
Refreshing native plugins compatible for Editor in 3.17 ms, found 3 plugins.
Native extension for WindowsStandalone target not found
Package Manager log level set to [2]
[Package Manager] Server::EnsureServerProcessIsRunning -- launch failed, reason: Unity was launched with the -noUpm command-line argument
[Package Manager] UpmClient::Send -- Unable to send message (not connected to UPM process).
[Package Manager] Cannot connect to Unity Package Manager local server
Mono: successfully reloaded assembly
- Finished resetting the current domain, in  0.497 seconds
Domain Reload Profiling: 1096ms
	BeginReloadAssembly (171ms)
		ExecutionOrderSort (0ms)
		DisableScriptedObjects (6ms)
		BackupInstance (0ms)
		ReleaseScriptingObjects (0ms)
		CreateAndSetChildDomain (28ms)
	RebuildCommonClasses (29ms)
	RebuildNativeTypeToScriptingClass (9ms)
	initialDomainReloadingComplete (48ms)
	LoadAllAssembliesAndSetupDomain (340ms)
		LoadAssemblies (290ms)
		RebuildTransferFunctionScriptingTraits (0ms)
		AnalyzeDomain (144ms)
			TypeCache.Refresh (127ms)
				TypeCache.ScanAssembly (115ms)
			ScanForSourceGeneratedMonoScriptInfo (12ms)
			ResolveRequiredComponents (3ms)
	FinalizeReload (498ms)
		ReleaseScriptCaches (0ms)
		RebuildScriptCaches (0ms)
		SetupLoadedEditorAssemblies (369ms)
			LogAssemblyErrors (0ms)
			InitializePlatformSupportModulesInManaged (6ms)
			SetLoadedEditorAssemblies (3ms)
			RefreshPlugins (0ms)
			BeforeProcessingInitializeOnLoad (56ms)
			ProcessInitializeOnLoadAttributes (274ms)
			ProcessInitializeOnLoadMethodAttributes (19ms)
			AfterProcessingInitializeOnLoad (11ms)
			EditorAssembliesLoaded (0ms)
		ExecutionOrderSort2 (0ms)
		AwakeInstancesAfterBackupRestoration (6ms)
Launched and connected shader compiler UnityShaderCompiler.exe after 0.05 seconds
Refreshing native plugins compatible for Editor in 3.37 ms, found 3 plugins.
Preloading 0 native plugins for Editor in 0.00 ms.
Unloading 3134 Unused Serialized files (Serialized files now loaded: 0)
Unloading 32 unused Assets / (57.7 KB). Loaded Objects now: 3621.
Memory consumption went from 140.1 MB to 140.0 MB.
Total: 2.678200 ms (FindLiveObjects: 0.235700 ms CreateObjectMapping: 0.092900 ms MarkObjects: 2.234200 ms  DeleteObjects: 0.114800 ms)

AssetImportParameters requested are different than current active one (requested -> active):
  custom:container-demuxer-ogg: 62fdf1f143b41e24485cea50d1cbac27 -> 
  custom:video-decoder-ogg-theora: a1e56fd34408186e4bbccfd4996cb3dc -> 
  custom:framework-win-MediaFoundation: 216162199b28c13a410421893ffa2e32 -> 
  custom:CustomObjectIndexerAttribute: 43b350a4d6e6d1791af0b5038c4bea17 -> 
  custom:container-demuxer-webm: 4f35f7cbe854078d1ac9338744f61a02 -> 
  custom:container-muxer-webm: aa71ff27fc2769a1b78a27578f13a17b -> 
  custom:video-decoder-webm-vp8: 9c59270c3fd7afecdb556c50c9e8de78 -> 
  custom:SearchIndexIgnoredProperties: e643bd26f0fe6173181afceb89e7c659 -> 
  custom:AudioImporter_EditorPlatform: d09bf68614088b80899f8185d706f6e7 -> 
  custom:video-encoder-webm-vp8: eb34c28f22e8b96e1ab97ce403110664 -> 
  custom:audio-decoder-ogg-vorbis: bf7c407c2cedff20999df2af8eb42d56 -> 
  custom:audio-encoder-webm-vorbis: bf7c407c2cedff20999df2af8eb42d56 -> 
========================================================================
Received Import Request.
  Time since last request: 23990.114392 seconds.
  path: Assets/Scenes/JP_School library/Prefab/book04_1_4_1.prefab
  artifactKey: Guid(0894db2ddc4abd14fadcb87d7e424365) Importer(815301076,1909f56bfc062723c751e8b465ee728b)
Start importing Assets/Scenes/JP_School library/Prefab/book04_1_4_1.prefab using Guid(0894db2ddc4abd14fadcb87d7e424365) Importer(815301076,1909f56bfc062723c751e8b465ee728b)  -> (artifact id: 'dec35f2645e72bbe3947b63df32b024d') in 0.129641 seconds
Number of updated asset objects reloaded before import = 0
Number of asset objects unloaded after import = 10
========================================================================
Received Import Request.
  Time since last request: 0.000030 seconds.
  path: Assets/Scenes/JP_School library/Prefab/book04_1L_10_1.prefab
  artifactKey: Guid(c7d8f7dee83e3ae4d921bc2d15a55490) Importer(815301076,1909f56bfc062723c751e8b465ee728b)
Start importing Assets/Scenes/JP_School library/Prefab/book04_1L_10_1.prefab using Guid(c7d8f7dee83e3ae4d921bc2d15a55490) Importer(815301076,1909f56bfc062723c751e8b465ee728b)  -> (artifact id: '6e33ed855dd83682db449ee76a500360') in 0.030073 seconds
Number of updated asset objects reloaded before import = 0
Number of asset objects unloaded after import = 10
========================================================================
Received Import Request.
  Time since last request: 0.000034 seconds.
  path: Assets/Scenes/JP_School library/Prefab/book04_2L_9_sample.prefab
  artifactKey: Guid(243def92398898b468913a0ec62722ff) Importer(815301076,1909f56bfc062723c751e8b465ee728b)
Start importing Assets/Scenes/JP_School library/Prefab/book04_2L_9_sample.prefab using Guid(243def92398898b468913a0ec62722ff) Importer(815301076,1909f56bfc062723c751e8b465ee728b)  -> (artifact id: '907c074baf01cc7ec23b5b477c231885') in 0.032562 seconds
Number of updated asset objects reloaded before import = 0
Number of asset objects unloaded after import = 10
========================================================================
Received Import Request.
  Time since last request: 0.000030 seconds.
  path: Assets/Scenes/JP_School library/Prefab/book04_3L_12_sample.prefab
  artifactKey: Guid(d24c9fd86d51e024a9074dedb22fcf97) Importer(815301076,1909f56bfc062723c751e8b465ee728b)
Start importing Assets/Scenes/JP_School library/Prefab/book04_3L_12_sample.prefab using Guid(d24c9fd86d51e024a9074dedb22fcf97) Importer(815301076,1909f56bfc062723c751e8b465ee728b)  -> (artifact id: 'c8f9e5969eafb3ceadf77210611aa3b4') in 0.044626 seconds
Number of updated asset objects reloaded before import = 0
Number of asset objects unloaded after import = 10
========================================================================
Received Import Request.
  Time since last request: 0.000021 seconds.
  path: Assets/Scenes/JP_School library/Prefab/library card01_1_2.prefab
  artifactKey: Guid(c8c7e83c9a3f35b478d96b0f8c64b1bc) Importer(815301076,1909f56bfc062723c751e8b465ee728b)
Start importing Assets/Scenes/JP_School library/Prefab/library card01_1_2.prefab using Guid(c8c7e83c9a3f35b478d96b0f8c64b1bc) Importer(815301076,1909f56bfc062723c751e8b465ee728b)  -> (artifact id: '4846badc49294f2054f6dd64bff74c47') in 0.026523 seconds
Number of updated asset objects reloaded before import = 0
Number of asset objects unloaded after import = 10
========================================================================
Received Import Request.
  Time since last request: 0.000031 seconds.
  path: Assets/Scenes/JP_School library/Prefab/plant01_tray1.prefab
  artifactKey: Guid(a1b1d1bfcbe711340b8c882746f90585) Importer(815301076,1909f56bfc062723c751e8b465ee728b)
Start importing Assets/Scenes/JP_School library/Prefab/plant01_tray1.prefab using Guid(a1b1d1bfcbe711340b8c882746f90585) Importer(815301076,1909f56bfc062723c751e8b465ee728b)  -> (artifact id: '671171ab2c4e0d91c59ad677ab8d62d1') in 0.023742 seconds
Number of updated asset objects reloaded before import = 0
Number of asset objects unloaded after import = 10
========================================================================
Received Import Request.
  Time since last request: 0.000031 seconds.
  path: Assets/Scenes/JP_School library/Prefab/book04_3L_10_2.prefab
  artifactKey: Guid(ce9eadd601967204fb5bb5dcdb068123) Importer(815301076,1909f56bfc062723c751e8b465ee728b)
Start importing Assets/Scenes/JP_School library/Prefab/book04_3L_10_2.prefab using Guid(ce9eadd601967204fb5bb5dcdb068123) Importer(815301076,1909f56bfc062723c751e8b465ee728b)  -> (artifact id: '9da278801346f09a4b9637ca54248fb4') in 0.014984 seconds
Number of updated asset objects reloaded before import = 0
Number of asset objects unloaded after import = 10
========================================================================
Received Import Request.
  Time since last request: 0.000026 seconds.
  path: Assets/Scenes/JP_School library/Prefab/shelf01_1.prefab
  artifactKey: Guid(abbe2ec12c49edc4abfcf44268f97c85) Importer(815301076,1909f56bfc062723c751e8b465ee728b)
Start importing Assets/Scenes/JP_School library/Prefab/shelf01_1.prefab using Guid(abbe2ec12c49edc4abfcf44268f97c85) Importer(815301076,1909f56bfc062723c751e8b465ee728b)  -> (artifact id: 'bcab921f3740159b4434d25d5eee92c2') in 0.018788 seconds
Number of updated asset objects reloaded before import = 0
Number of asset objects unloaded after import = 10
========================================================================
Received Import Request.
  Time since last request: 0.000026 seconds.
  path: Assets/Scenes/JP_School library/Prefab/book04_2L_11_1.prefab
  artifactKey: Guid(877eb8cfc18b2d54889f6f8a4ad64647) Importer(815301076,1909f56bfc062723c751e8b465ee728b)
Start importing Assets/Scenes/JP_School library/Prefab/book04_2L_11_1.prefab using Guid(877eb8cfc18b2d54889f6f8a4ad64647) Importer(815301076,1909f56bfc062723c751e8b465ee728b)  -> (artifact id: '86e04cd2a5ab660b046d65f1230b16bc') in 0.014261 seconds
Number of updated asset objects reloaded before import = 0
Number of asset objects unloaded after import = 10
========================================================================
Received Import Request.
  Time since last request: 0.000025 seconds.
  path: Assets/Scenes/JP_School library/Prefab/library card01_4_2.prefab
  artifactKey: Guid(911e93d1efdad9a45a79c4643db795f1) Importer(815301076,1909f56bfc062723c751e8b465ee728b)
Start importing Assets/Scenes/JP_School library/Prefab/library card01_4_2.prefab using Guid(911e93d1efdad9a45a79c4643db795f1) Importer(815301076,1909f56bfc062723c751e8b465ee728b)  -> (artifact id: 'e4e5d53f6ce4dcac1618eb039200bc64') in 0.014153 seconds
Number of updated asset objects reloaded before import = 0
Number of asset objects unloaded after import = 10
========================================================================
Received Import Request.
  Time since last request: 0.000025 seconds.
  path: Assets/Scenes/JP_School library/Prefab/library card01_5_1.prefab
  artifactKey: Guid(d88f8c1096bb4f74ea7d6d650417d37c) Importer(815301076,1909f56bfc062723c751e8b465ee728b)
Start importing Assets/Scenes/JP_School library/Prefab/library card01_5_1.prefab using Guid(d88f8c1096bb4f74ea7d6d650417d37c) Importer(815301076,1909f56bfc062723c751e8b465ee728b)  -> (artifact id: 'd6fff9c1e57942644f8029288242d843') in 0.014757 seconds
Number of updated asset objects reloaded before import = 0
Number of asset objects unloaded after import = 10
========================================================================
Received Import Request.
  Time since last request: 0.000040 seconds.
  path: Assets/Scenes/JP_School library/Prefab/sign02_4.prefab
  artifactKey: Guid(dfd6ffa50382c524da01a5549f4ec133) Importer(815301076,1909f56bfc062723c751e8b465ee728b)
Start importing Assets/Scenes/JP_School library/Prefab/sign02_4.prefab using Guid(dfd6ffa50382c524da01a5549f4ec133) Importer(815301076,1909f56bfc062723c751e8b465ee728b)  -> (artifact id: '015bc00a0945ff12fcc2a0ed31a35bab') in 0.015330 seconds
Number of updated asset objects reloaded before import = 0
Number of asset objects unloaded after import = 9
========================================================================
Received Import Request.
  Time since last request: 0.000034 seconds.
  path: Assets/Scenes/JP_School library/Prefab/book04_1L_11_sample.prefab
  artifactKey: Guid(27b90b13abb25bc4db8c15df13a30b29) Importer(815301076,1909f56bfc062723c751e8b465ee728b)
Start importing Assets/Scenes/JP_School library/Prefab/book04_1L_11_sample.prefab using Guid(27b90b13abb25bc4db8c15df13a30b29) Importer(815301076,1909f56bfc062723c751e8b465ee728b)  -> (artifact id: '1a293e8b094d2fa37dbca58dfbf4e1b8') in 0.016776 seconds
Number of updated asset objects reloaded before import = 0
Number of asset objects unloaded after import = 10
========================================================================
Received Import Request.
  Time since last request: 0.000023 seconds.
  path: Assets/Scenes/JP_School library/Prefab/wagon01.prefab
  artifactKey: Guid(f27200b7a5e740c4ca34f9f88af0eeb0) Importer(815301076,1909f56bfc062723c751e8b465ee728b)
Start importing Assets/Scenes/JP_School library/Prefab/wagon01.prefab using Guid(f27200b7a5e740c4ca34f9f88af0eeb0) Importer(815301076,1909f56bfc062723c751e8b465ee728b)  -> (artifact id: '2e58d3b7161cc595edaa01bab92f63ec') in 0.019810 seconds
Number of updated asset objects reloaded before import = 0
Number of asset objects unloaded after import = 10
========================================================================
Received Import Request.
  Time since last request: 0.000024 seconds.
  path: Assets/Scenes/JP_School library/Prefab/book04_3L_9_2.prefab
  artifactKey: Guid(a8304ba6bb3030440bc715d816dbe6a4) Importer(815301076,1909f56bfc062723c751e8b465ee728b)
Start importing Assets/Scenes/JP_School library/Prefab/book04_3L_9_2.prefab using Guid(a8304ba6bb3030440bc715d816dbe6a4) Importer(815301076,1909f56bfc062723c751e8b465ee728b)  -> (artifact id: 'a5438362d939fcfb2e4ae5bba3c5fbf0') in 0.016564 seconds
Number of updated asset objects reloaded before import = 0
Number of asset objects unloaded after import = 10
========================================================================
Received Import Request.
  Time since last request: 0.000028 seconds.
  path: Assets/Scenes/JP_School library/Prefab/sign01_2.prefab
  artifactKey: Guid(a879ff2be38af1a449d130492ef96989) Importer(815301076,1909f56bfc062723c751e8b465ee728b)
Start importing Assets/Scenes/JP_School library/Prefab/sign01_2.prefab using Guid(a879ff2be38af1a449d130492ef96989) Importer(815301076,1909f56bfc062723c751e8b465ee728b)  -> (artifact id: 'b3976af0451d2039b66811538932b172') in 0.002369 seconds
Number of updated asset objects reloaded before import = 0
Number of asset objects unloaded after import = 6
========================================================================
Received Import Request.
  Time since last request: 0.000017 seconds.
  path: Assets/Scenes/JP_School library/Prefab/sign02_B.prefab
  artifactKey: Guid(00af61bc6babc3747a05dec538320c52) Importer(815301076,1909f56bfc062723c751e8b465ee728b)
Start importing Assets/Scenes/JP_School library/Prefab/sign02_B.prefab using Guid(00af61bc6babc3747a05dec538320c52) Importer(815301076,1909f56bfc062723c751e8b465ee728b)  -> (artifact id: '2a2fa9f7fb3524397a0078e65993174f') in 0.014932 seconds
Number of updated asset objects reloaded before import = 0
Number of asset objects unloaded after import = 9
========================================================================
Received Import Request.
  Time since last request: 0.000025 seconds.
  path: Assets/Scenes/JP_School library/Prefab/sign02_8.prefab
  artifactKey: Guid(4c2fe76215f78c248978f0ba6d1ff86f) Importer(815301076,1909f56bfc062723c751e8b465ee728b)
Start importing Assets/Scenes/JP_School library/Prefab/sign02_8.prefab using Guid(4c2fe76215f78c248978f0ba6d1ff86f) Importer(815301076,1909f56bfc062723c751e8b465ee728b)  -> (artifact id: '920f78b3d1f6c4d74865c55dc8c919db') in 0.012833 seconds
Number of updated asset objects reloaded before import = 0
Number of asset objects unloaded after import = 9
========================================================================
Received Import Request.
  Time since last request: 0.000021 seconds.
  path: Assets/Scenes/JP_School library/Prefab/plant01_white2.prefab
  artifactKey: Guid(af2d09003c1f1584caea6de2feb068cd) Importer(815301076,1909f56bfc062723c751e8b465ee728b)
Start importing Assets/Scenes/JP_School library/Prefab/plant01_white2.prefab using Guid(af2d09003c1f1584caea6de2feb068cd) Importer(815301076,1909f56bfc062723c751e8b465ee728b)  -> (artifact id: '494ccda07537718a2787f78c895a9bf3') in 0.029221 seconds
Number of updated asset objects reloaded before import = 0
Number of asset objects unloaded after import = 25
========================================================================
Received Import Request.
  Time since last request: 0.000021 seconds.
  path: Assets/Scenes/JP_School library/Prefab/shelf01_3.prefab
  artifactKey: Guid(3f6cb45995b052043a3e296260d02bb7) Importer(815301076,1909f56bfc062723c751e8b465ee728b)
Start importing Assets/Scenes/JP_School library/Prefab/shelf01_3.prefab using Guid(3f6cb45995b052043a3e296260d02bb7) Importer(815301076,1909f56bfc062723c751e8b465ee728b)  -> (artifact id: '46736b0a88837552907e5ebbe4b5d578') in 0.018499 seconds
Number of updated asset objects reloaded before import = 0
Number of asset objects unloaded after import = 10
========================================================================
Received Import Request.
  Time since last request: 0.000021 seconds.
  path: Assets/Scenes/JP_School library/Prefab/plant01_pot3.prefab
  artifactKey: Guid(62d0aef6e2a865241a15e8375e815c87) Importer(815301076,1909f56bfc062723c751e8b465ee728b)
Start importing Assets/Scenes/JP_School library/Prefab/plant01_pot3.prefab using Guid(62d0aef6e2a865241a15e8375e815c87) Importer(815301076,1909f56bfc062723c751e8b465ee728b)  -> (artifact id: '6dd9c78cc4ba7155194805e2001fdab7') in 0.016334 seconds
Number of updated asset objects reloaded before import = 0
Number of asset objects unloaded after import = 10
========================================================================
Received Import Request.
  Time since last request: 0.000025 seconds.
  path: Assets/Scenes/JP_School library/Prefab/book04_1L_9_2.prefab
  artifactKey: Guid(d898464f6f4980a499f6ef7657de5767) Importer(815301076,1909f56bfc062723c751e8b465ee728b)
Start importing Assets/Scenes/JP_School library/Prefab/book04_1L_9_2.prefab using Guid(d898464f6f4980a499f6ef7657de5767) Importer(815301076,1909f56bfc062723c751e8b465ee728b)  -> (artifact id: '75bcb5b9875622106d017b6897465c01') in 0.016565 seconds
Number of updated asset objects reloaded before import = 0
Number of asset objects unloaded after import = 10
========================================================================
Received Import Request.
  Time since last request: 0.000041 seconds.
  path: Assets/Scenes/JP_School library/Prefab/book04_3_2_1.prefab
  artifactKey: Guid(980036099c665c0418c8228822e20e80) Importer(815301076,1909f56bfc062723c751e8b465ee728b)
Start importing Assets/Scenes/JP_School library/Prefab/book04_3_2_1.prefab using Guid(980036099c665c0418c8228822e20e80) Importer(815301076,1909f56bfc062723c751e8b465ee728b)  -> (artifact id: 'bd45f502eff541f6500d06e3ed272783') in 0.013747 seconds
Number of updated asset objects reloaded before import = 0
Number of asset objects unloaded after import = 10
========================================================================
Received Import Request.
  Time since last request: 0.000025 seconds.
  path: Assets/Scenes/JP_School library/Prefab/book04_3_1_1.prefab
  artifactKey: Guid(298864a442c25254c84ba2929fea721a) Importer(815301076,1909f56bfc062723c751e8b465ee728b)
Start importing Assets/Scenes/JP_School library/Prefab/book04_3_1_1.prefab using Guid(298864a442c25254c84ba2929fea721a) Importer(815301076,1909f56bfc062723c751e8b465ee728b)  -> (artifact id: '4937f102e7c4ca65d1222a1a37bd9ed4') in 0.019302 seconds
Number of updated asset objects reloaded before import = 0
Number of asset objects unloaded after import = 10
========================================================================
Received Import Request.
  Time since last request: 0.000033 seconds.
  path: Assets/Scenes/JP_School library/Prefab/book04_1_6_2.prefab
  artifactKey: Guid(3e946d1a97605f84199f7b4aca053c51) Importer(815301076,1909f56bfc062723c751e8b465ee728b)
Start importing Assets/Scenes/JP_School library/Prefab/book04_1_6_2.prefab using Guid(3e946d1a97605f84199f7b4aca053c51) Importer(815301076,1909f56bfc062723c751e8b465ee728b)  -> (artifact id: '2b4c302b7499b00e943f8c2b9dc7c814') in 0.016405 seconds
Number of updated asset objects reloaded before import = 0
Number of asset objects unloaded after import = 10
========================================================================
Received Import Request.
  Time since last request: 0.000024 seconds.
  path: Assets/Scenes/JP_School library/Prefab/dummy01_4_sample.prefab
  artifactKey: Guid(4f826a6f6ca735e4ca26f6f439bf9342) Importer(815301076,1909f56bfc062723c751e8b465ee728b)
Start importing Assets/Scenes/JP_School library/Prefab/dummy01_4_sample.prefab using Guid(4f826a6f6ca735e4ca26f6f439bf9342) Importer(815301076,1909f56bfc062723c751e8b465ee728b)  -> (artifact id: 'cf5e20914c348772245ca63f539af2e4') in 0.015610 seconds
Number of updated asset objects reloaded before import = 0
Number of asset objects unloaded after import = 10
========================================================================
Received Import Request.
  Time since last request: 0.000027 seconds.
  path: Assets/Scenes/JP_School library/Prefab/book04_1_12_1.prefab
  artifactKey: Guid(5d707ddfcc71ea542b5dd1e6b88d5ef6) Importer(815301076,1909f56bfc062723c751e8b465ee728b)
Start importing Assets/Scenes/JP_School library/Prefab/book04_1_12_1.prefab using Guid(5d707ddfcc71ea542b5dd1e6b88d5ef6) Importer(815301076,1909f56bfc062723c751e8b465ee728b)  -> (artifact id: '0ebc73f4185080427377505816eed33e') in 0.016005 seconds
Number of updated asset objects reloaded before import = 0
Number of asset objects unloaded after import = 10
========================================================================
Received Import Request.
  Time since last request: 0.000031 seconds.
  path: Assets/Scenes/JP_School library/Prefab/shelf01_2.prefab
  artifactKey: Guid(2240da70317cef7429e402d462e0aca0) Importer(815301076,1909f56bfc062723c751e8b465ee728b)
Start importing Assets/Scenes/JP_School library/Prefab/shelf01_2.prefab using Guid(2240da70317cef7429e402d462e0aca0) Importer(815301076,1909f56bfc062723c751e8b465ee728b)  -> (artifact id: '7b531d01ed26d4054088945c1cb28afb') in 0.014345 seconds
Number of updated asset objects reloaded before import = 0
Number of asset objects unloaded after import = 10
========================================================================
Received Import Request.
  Time since last request: 0.000022 seconds.
  path: Assets/Scenes/JP_School library/Prefab/window01.prefab
  artifactKey: Guid(169442ae44a6a514880e0589989cfadc) Importer(815301076,1909f56bfc062723c751e8b465ee728b)
Start importing Assets/Scenes/JP_School library/Prefab/window01.prefab using Guid(169442ae44a6a514880e0589989cfadc) Importer(815301076,1909f56bfc062723c751e8b465ee728b)  -> (artifact id: '40fc322a55a57420dcf1f990fd51fafe') in 0.020660 seconds
Number of updated asset objects reloaded before import = 0
Number of asset objects unloaded after import = 26
========================================================================
Received Import Request.
  Time since last request: 0.000024 seconds.
  path: Assets/Scenes/JP_School library/Prefab/notice board01_library.prefab
  artifactKey: Guid(9245543bdff912e42af57dd1aeb6813c) Importer(815301076,1909f56bfc062723c751e8b465ee728b)
Start importing Assets/Scenes/JP_School library/Prefab/notice board01_library.prefab using Guid(9245543bdff912e42af57dd1aeb6813c) Importer(815301076,1909f56bfc062723c751e8b465ee728b)  -> (artifact id: '9cf279d3d0e701dba751ff1e91e4592f') in 0.018516 seconds
Number of updated asset objects reloaded before import = 0
Number of asset objects unloaded after import = 10
========================================================================
Received Import Request.
  Time since last request: 0.000022 seconds.
  path: Assets/Scenes/JP_School library/Prefab/plant01_plant2.prefab
  artifactKey: Guid(0e9f8bde679907d41a7931ba0f957935) Importer(815301076,1909f56bfc062723c751e8b465ee728b)
Start importing Assets/Scenes/JP_School library/Prefab/plant01_plant2.prefab using Guid(0e9f8bde679907d41a7931ba0f957935) Importer(815301076,1909f56bfc062723c751e8b465ee728b)  -> (artifact id: '38f0d662917baaefa992553d6e9d36eb') in 0.016821 seconds
Number of updated asset objects reloaded before import = 0
Number of asset objects unloaded after import = 10
========================================================================
Received Import Request.
  Time since last request: 0.000019 seconds.
  path: Assets/Scenes/JP_School library/Prefab/book04_1_9_sample.prefab
  artifactKey: Guid(8b58ab8ca189e3543b6c69e8913f3108) Importer(815301076,1909f56bfc062723c751e8b465ee728b)
Start importing Assets/Scenes/JP_School library/Prefab/book04_1_9_sample.prefab using Guid(8b58ab8ca189e3543b6c69e8913f3108) Importer(815301076,1909f56bfc062723c751e8b465ee728b)  -> (artifact id: '67b54793d33adb7d8b8ed215cfc8afd0') in 0.017703 seconds
Number of updated asset objects reloaded before import = 0
Number of asset objects unloaded after import = 10
========================================================================
Received Import Request.
  Time since last request: 0.000030 seconds.
  path: Assets/Scenes/JP_School library/Prefab/table01.prefab
  artifactKey: Guid(93ee08da716c4784885b81aaecf0f492) Importer(815301076,1909f56bfc062723c751e8b465ee728b)
Start importing Assets/Scenes/JP_School library/Prefab/table01.prefab using Guid(93ee08da716c4784885b81aaecf0f492) Importer(815301076,1909f56bfc062723c751e8b465ee728b)  -> (artifact id: '6010cb74e497edcebbf71c9c6a4aeaa7') in 0.019739 seconds
Number of updated asset objects reloaded before import = 0
Number of asset objects unloaded after import = 10
========================================================================
Received Import Request.
  Time since last request: 0.000024 seconds.
  path: Assets/Scenes/JP_School library/Prefab/shelf01_5.prefab
  artifactKey: Guid(a9a44f7aa3051e14f8634309092ea282) Importer(815301076,1909f56bfc062723c751e8b465ee728b)
Start importing Assets/Scenes/JP_School library/Prefab/shelf01_5.prefab using Guid(a9a44f7aa3051e14f8634309092ea282) Importer(815301076,1909f56bfc062723c751e8b465ee728b)  -> (artifact id: '6bdb75e6998717c38c92c0b61e105027') in 0.014092 seconds
Number of updated asset objects reloaded before import = 0
Number of asset objects unloaded after import = 10
========================================================================
Received Import Request.
  Time since last request: 150.927429 seconds.
  path: Assets/Scenes/JP_School library/Prefab/shelf02.prefab
  artifactKey: Guid(01b1ab8a372eeac41952498045244694) Importer(815301076,1909f56bfc062723c751e8b465ee728b)
Start importing Assets/Scenes/JP_School library/Prefab/shelf02.prefab using Guid(01b1ab8a372eeac41952498045244694) Importer(815301076,1909f56bfc062723c751e8b465ee728b)  -> (artifact id: 'b15eb5273d89db1403657a176bbbda31') in 0.041036 seconds
Number of updated asset objects reloaded before import = 0
Number of asset objects unloaded after import = 10
========================================================================
Received Import Request.
  Time since last request: 1.138482 seconds.
  path: Assets/Scenes/JP_School library/Prefab/dummy01_2.prefab
  artifactKey: Guid(ccb5040330ad975479db0688d1ce092e) Importer(815301076,1909f56bfc062723c751e8b465ee728b)
Start importing Assets/Scenes/JP_School library/Prefab/dummy01_2.prefab using Guid(ccb5040330ad975479db0688d1ce092e) Importer(815301076,1909f56bfc062723c751e8b465ee728b)  -> (artifact id: '0d2fc60a426914d0944db5559a4d235d') in 0.033588 seconds
Number of updated asset objects reloaded before import = 0
Number of asset objects unloaded after import = 10
========================================================================
Received Import Request.
  Time since last request: 0.000022 seconds.
  path: Assets/Scenes/JP_School library/Prefab/dummy01_1.prefab
  artifactKey: Guid(abad80d550609254fb903b04a6678f71) Importer(815301076,1909f56bfc062723c751e8b465ee728b)
Start importing Assets/Scenes/JP_School library/Prefab/dummy01_1.prefab using Guid(abad80d550609254fb903b04a6678f71) Importer(815301076,1909f56bfc062723c751e8b465ee728b)  -> (artifact id: '6d36767f403d8b9d39ccffe4495a4702') in 0.038679 seconds
Number of updated asset objects reloaded before import = 0
Number of asset objects unloaded after import = 10
========================================================================
Received Import Request.
  Time since last request: 0.000020 seconds.
  path: Assets/Scenes/JP_School library/Prefab/door01_2_2.prefab
  artifactKey: Guid(3368d6416bfeea84793e7edb6c342828) Importer(815301076,1909f56bfc062723c751e8b465ee728b)
Start importing Assets/Scenes/JP_School library/Prefab/door01_2_2.prefab using Guid(3368d6416bfeea84793e7edb6c342828) Importer(815301076,1909f56bfc062723c751e8b465ee728b)  -> (artifact id: '6737b544b9027c6155e8cbab269b14ff') in 0.013391 seconds
Number of updated asset objects reloaded before import = 0
Number of asset objects unloaded after import = 22
========================================================================
Received Import Request.
  Time since last request: 0.110231 seconds.
  path: Assets/Scenes/JP_School library/Prefab/door01_1_1.prefab
  artifactKey: Guid(b1e89f69052fd974eb9d548d868f7253) Importer(815301076,1909f56bfc062723c751e8b465ee728b)
Start importing Assets/Scenes/JP_School library/Prefab/door01_1_1.prefab using Guid(b1e89f69052fd974eb9d548d868f7253) Importer(815301076,1909f56bfc062723c751e8b465ee728b)  -> (artifact id: '787658489e9b20b4a8fb4213ec84f891') in 0.014340 seconds
Number of updated asset objects reloaded before import = 0
Number of asset objects unloaded after import = 19
========================================================================
Received Import Request.
  Time since last request: 0.118628 seconds.
  path: Assets/Scenes/JP_School library/Prefab/counter01_1.prefab
  artifactKey: Guid(30cd6cd6375b8ec438d8dd4fc9e4fc46) Importer(815301076,1909f56bfc062723c751e8b465ee728b)
Start importing Assets/Scenes/JP_School library/Prefab/counter01_1.prefab using Guid(30cd6cd6375b8ec438d8dd4fc9e4fc46) Importer(815301076,1909f56bfc062723c751e8b465ee728b)  -> (artifact id: 'fc6f4d6ca561741d7eda6affdb0afadc') in 0.020028 seconds
Number of updated asset objects reloaded before import = 0
Number of asset objects unloaded after import = 10
========================================================================
Received Import Request.
  Time since last request: 0.000018 seconds.
  path: Assets/Scenes/JP_School library/Prefab/counter01_3.prefab
  artifactKey: Guid(2b97586874643e64db6571de76ac765a) Importer(815301076,1909f56bfc062723c751e8b465ee728b)
Start importing Assets/Scenes/JP_School library/Prefab/counter01_3.prefab using Guid(2b97586874643e64db6571de76ac765a) Importer(815301076,1909f56bfc062723c751e8b465ee728b)  -> (artifact id: 'b1575a31ad40ae1a125987e6e365f70a') in 0.012872 seconds
Number of updated asset objects reloaded before import = 0
Number of asset objects unloaded after import = 10
========================================================================
Received Import Request.
  Time since last request: 0.120564 seconds.
  path: Assets/Scenes/JP_School library/Prefab/card case01_2.prefab
  artifactKey: Guid(b3634c6870805c849a8e608d31808e42) Importer(815301076,1909f56bfc062723c751e8b465ee728b)
Start importing Assets/Scenes/JP_School library/Prefab/card case01_2.prefab using Guid(b3634c6870805c849a8e608d31808e42) Importer(815301076,1909f56bfc062723c751e8b465ee728b)  -> (artifact id: 'f9fa4b0e236ad88baa9c115714a2a9c0') in 0.018168 seconds
Number of updated asset objects reloaded before import = 0
Number of asset objects unloaded after import = 10
========================================================================
Received Import Request.
  Time since last request: 0.000016 seconds.
  path: Assets/Scenes/JP_School library/Prefab/chair01_2_red.prefab
  artifactKey: Guid(cf6c21fc786607343b0fbf8e80cc40d5) Importer(815301076,1909f56bfc062723c751e8b465ee728b)
Start importing Assets/Scenes/JP_School library/Prefab/chair01_2_red.prefab using Guid(cf6c21fc786607343b0fbf8e80cc40d5) Importer(815301076,1909f56bfc062723c751e8b465ee728b)  -> (artifact id: '248959bae97b21c35088b305126abd17') in 0.015353 seconds
Number of updated asset objects reloaded before import = 0
Number of asset objects unloaded after import = 10
========================================================================
Received Import Request.
  Time since last request: 0.000017 seconds.
  path: Assets/Scenes/JP_School library/Prefab/ceiling lights01_on.prefab
  artifactKey: Guid(9f285ab29b023704d942dfe3e7709754) Importer(815301076,1909f56bfc062723c751e8b465ee728b)
Start importing Assets/Scenes/JP_School library/Prefab/ceiling lights01_on.prefab using Guid(9f285ab29b023704d942dfe3e7709754) Importer(815301076,1909f56bfc062723c751e8b465ee728b)  -> (artifact id: 'bb0dfa4fea0e4a13bc1cdd1e2ad25f12') in 0.022469 seconds
Number of updated asset objects reloaded before import = 0
Number of asset objects unloaded after import = 11
========================================================================
Received Import Request.
  Time since last request: 0.000019 seconds.
  path: Assets/Scenes/JP_School library/Prefab/chair01_2_blue.prefab
  artifactKey: Guid(8f8fc947039040c44b0d5a6b11287229) Importer(815301076,1909f56bfc062723c751e8b465ee728b)
Start importing Assets/Scenes/JP_School library/Prefab/chair01_2_blue.prefab using Guid(8f8fc947039040c44b0d5a6b11287229) Importer(815301076,1909f56bfc062723c751e8b465ee728b)  -> (artifact id: '1c21e680977d81c34a2581cbe27c4cdf') in 0.014217 seconds
Number of updated asset objects reloaded before import = 0
Number of asset objects unloaded after import = 10
========================================================================
Received Import Request.
  Time since last request: 0.208220 seconds.
  path: Assets/Scenes/JP_School library/Prefab/bookend01.prefab
  artifactKey: Guid(380b93f2502ab5747a64159a342d80a0) Importer(815301076,1909f56bfc062723c751e8b465ee728b)
Start importing Assets/Scenes/JP_School library/Prefab/bookend01.prefab using Guid(380b93f2502ab5747a64159a342d80a0) Importer(815301076,1909f56bfc062723c751e8b465ee728b)  -> (artifact id: '58878cbe615b3df1ec0ebd56d63115e8') in 0.018233 seconds
Number of updated asset objects reloaded before import = 0
Number of asset objects unloaded after import = 9
========================================================================
Received Import Request.
  Time since last request: 0.233903 seconds.
  path: Assets/Scenes/JP_School library/Prefab/book04_3L_6_sample.prefab
  artifactKey: Guid(a3142c5490028ec4889bb9df6cf59609) Importer(815301076,1909f56bfc062723c751e8b465ee728b)
Start importing Assets/Scenes/JP_School library/Prefab/book04_3L_6_sample.prefab using Guid(a3142c5490028ec4889bb9df6cf59609) Importer(815301076,1909f56bfc062723c751e8b465ee728b)  -> (artifact id: '71a8c3579726af5a95c079b864bfd177') in 0.025511 seconds
Number of updated asset objects reloaded before import = 0
Number of asset objects unloaded after import = 10
========================================================================
Received Import Request.
  Time since last request: 0.000021 seconds.
  path: Assets/Scenes/JP_School library/Prefab/book04_3L_6_2.prefab
  artifactKey: Guid(52dd2f463288f414ea19b38d588ea124) Importer(815301076,1909f56bfc062723c751e8b465ee728b)
Start importing Assets/Scenes/JP_School library/Prefab/book04_3L_6_2.prefab using Guid(52dd2f463288f414ea19b38d588ea124) Importer(815301076,1909f56bfc062723c751e8b465ee728b)  -> (artifact id: 'e59d11fc69fb3860ccbd9b7930b7d446') in 0.018647 seconds
Number of updated asset objects reloaded before import = 0
Number of asset objects unloaded after import = 10
========================================================================
Received Import Request.
  Time since last request: 0.000016 seconds.
  path: Assets/Scenes/JP_School library/Prefab/book04_3L_7_2.prefab
  artifactKey: Guid(54cc5582647f2a240baa7307a515e77e) Importer(815301076,1909f56bfc062723c751e8b465ee728b)
Start importing Assets/Scenes/JP_School library/Prefab/book04_3L_7_2.prefab using Guid(54cc5582647f2a240baa7307a515e77e) Importer(815301076,1909f56bfc062723c751e8b465ee728b)  -> (artifact id: '501ab3c17851971b75229dfe91ee8f1b') in 0.012972 seconds
Number of updated asset objects reloaded before import = 0
Number of asset objects unloaded after import = 10
========================================================================
Received Import Request.
  Time since last request: 0.264844 seconds.
  path: Assets/Scenes/JP_School library/Prefab/book04_3L_2_sample.prefab
  artifactKey: Guid(9ca6ece3cb0ff304aa0e55dc6ab7b521) Importer(815301076,1909f56bfc062723c751e8b465ee728b)
Start importing Assets/Scenes/JP_School library/Prefab/book04_3L_2_sample.prefab using Guid(9ca6ece3cb0ff304aa0e55dc6ab7b521) Importer(815301076,1909f56bfc062723c751e8b465ee728b)  -> (artifact id: 'a6839e2e83c44e8485e5ac9e2c40964e') in 0.014297 seconds
Number of updated asset objects reloaded before import = 0
Number of asset objects unloaded after import = 10
========================================================================
Received Import Request.
  Time since last request: 0.000020 seconds.
  path: Assets/Scenes/JP_School library/Prefab/book04_3L_4_2.prefab
  artifactKey: Guid(e347918bcf7d8ca4f9e2bb6a897346f0) Importer(815301076,1909f56bfc062723c751e8b465ee728b)
Start importing Assets/Scenes/JP_School library/Prefab/book04_3L_4_2.prefab using Guid(e347918bcf7d8ca4f9e2bb6a897346f0) Importer(815301076,1909f56bfc062723c751e8b465ee728b)  -> (artifact id: '87d9cc7dd417751aa732c96db78d306e') in 0.032899 seconds
Number of updated asset objects reloaded before import = 0
Number of asset objects unloaded after import = 10
========================================================================
Received Import Request.
  Time since last request: 0.000019 seconds.
  path: Assets/Scenes/JP_School library/Prefab/book04_3L_2_1.prefab
  artifactKey: Guid(461eaca2ef4561f498cf6f9d6e07cb5b) Importer(815301076,1909f56bfc062723c751e8b465ee728b)
Start importing Assets/Scenes/JP_School library/Prefab/book04_3L_2_1.prefab using Guid(461eaca2ef4561f498cf6f9d6e07cb5b) Importer(815301076,1909f56bfc062723c751e8b465ee728b)  -> (artifact id: 'b91ba00ab1eeb1dc621c8620a199b214') in 0.013464 seconds
Number of updated asset objects reloaded before import = 0
Number of asset objects unloaded after import = 10
========================================================================
Received Import Request.
  Time since last request: 0.000019 seconds.
  path: Assets/Scenes/JP_School library/Prefab/book04_3L_4_sample.prefab
  artifactKey: Guid(29ad19fcc0e2dd543bdf9f75d25bc9a7) Importer(815301076,1909f56bfc062723c751e8b465ee728b)
Start importing Assets/Scenes/JP_School library/Prefab/book04_3L_4_sample.prefab using Guid(29ad19fcc0e2dd543bdf9f75d25bc9a7) Importer(815301076,1909f56bfc062723c751e8b465ee728b)  -> (artifact id: 'd8893b3808cb602cef181d2b8e344def') in 0.013713 seconds
Number of updated asset objects reloaded before import = 0
Number of asset objects unloaded after import = 10
========================================================================
Received Import Request.
  Time since last request: 0.000025 seconds.
  path: Assets/Scenes/JP_School library/Prefab/book04_3L_5_1.prefab
  artifactKey: Guid(a37942f2abc3d1048869422828185d48) Importer(815301076,1909f56bfc062723c751e8b465ee728b)
Start importing Assets/Scenes/JP_School library/Prefab/book04_3L_5_1.prefab using Guid(a37942f2abc3d1048869422828185d48) Importer(815301076,1909f56bfc062723c751e8b465ee728b)  -> (artifact id: '4d7026b7217c0bec579efb574dcda3eb') in 0.013083 seconds
Number of updated asset objects reloaded before import = 0
Number of asset objects unloaded after import = 10
========================================================================
Received Import Request.
  Time since last request: 0.000018 seconds.
  path: Assets/Scenes/JP_School library/Prefab/book04_3L_4_1.prefab
  artifactKey: Guid(5ac6e20fd47c09d469b779e0db076046) Importer(815301076,1909f56bfc062723c751e8b465ee728b)
Start importing Assets/Scenes/JP_School library/Prefab/book04_3L_4_1.prefab using Guid(5ac6e20fd47c09d469b779e0db076046) Importer(815301076,1909f56bfc062723c751e8b465ee728b)  -> (artifact id: 'b131e13c0fdbf519108960c8b3515c4e') in 0.013865 seconds
Number of updated asset objects reloaded before import = 0
Number of asset objects unloaded after import = 10
========================================================================
Received Import Request.
  Time since last request: 0.073795 seconds.
  path: Assets/Scenes/JP_School library/Prefab/book04_3_12_sample.prefab
  artifactKey: Guid(430bf19826cd95d4b97ce22eaeca1426) Importer(815301076,1909f56bfc062723c751e8b465ee728b)
Start importing Assets/Scenes/JP_School library/Prefab/book04_3_12_sample.prefab using Guid(430bf19826cd95d4b97ce22eaeca1426) Importer(815301076,1909f56bfc062723c751e8b465ee728b)  -> (artifact id: '081cbb590be8764906858109634ab96c') in 0.014306 seconds
Number of updated asset objects reloaded before import = 0
Number of asset objects unloaded after import = 10
========================================================================
Received Import Request.
  Time since last request: 0.130979 seconds.
  path: Assets/Scenes/JP_School library/Prefab/book04_3_11_sample.prefab
  artifactKey: Guid(5c9a37387df71c54ebee8a964d0e15c2) Importer(815301076,1909f56bfc062723c751e8b465ee728b)
Start importing Assets/Scenes/JP_School library/Prefab/book04_3_11_sample.prefab using Guid(5c9a37387df71c54ebee8a964d0e15c2) Importer(815301076,1909f56bfc062723c751e8b465ee728b)  -> (artifact id: '11bbf4962b33b8054eb2b0ec2fabde7a') in 0.014424 seconds
Number of updated asset objects reloaded before import = 0
Number of asset objects unloaded after import = 10
========================================================================
Received Import Request.
  Time since last request: 0.000030 seconds.
  path: Assets/Scenes/JP_School library/Prefab/book04_3_12_2.prefab
  artifactKey: Guid(3a387e412f284ed49839aef2ff6f5e82) Importer(815301076,1909f56bfc062723c751e8b465ee728b)
Start importing Assets/Scenes/JP_School library/Prefab/book04_3_12_2.prefab using Guid(3a387e412f284ed49839aef2ff6f5e82) Importer(815301076,1909f56bfc062723c751e8b465ee728b)  -> (artifact id: 'c6d4ba889241aa52ff91a7f3a8d28e9e') in 0.013767 seconds
Number of updated asset objects reloaded before import = 0
Number of asset objects unloaded after import = 10
========================================================================
Received Import Request.
  Time since last request: 0.109558 seconds.
  path: Assets/Scenes/JP_School library/Prefab/book04_3_9_sample.prefab
  artifactKey: Guid(46e23111a8caeb94a9ec73e0753bdc28) Importer(815301076,1909f56bfc062723c751e8b465ee728b)
Start importing Assets/Scenes/JP_School library/Prefab/book04_3_9_sample.prefab using Guid(46e23111a8caeb94a9ec73e0753bdc28) Importer(815301076,1909f56bfc062723c751e8b465ee728b)  -> (artifact id: '985f68b48ccf9ca4d7827334b4518e24') in 0.014505 seconds
Number of updated asset objects reloaded before import = 0
Number of asset objects unloaded after import = 10
========================================================================
Received Import Request.
  Time since last request: 0.000019 seconds.
  path: Assets/Scenes/JP_School library/Prefab/book04_3_11_1.prefab
  artifactKey: Guid(a6bc97bd7d5c84744b69d5e4388d306a) Importer(815301076,1909f56bfc062723c751e8b465ee728b)
Start importing Assets/Scenes/JP_School library/Prefab/book04_3_11_1.prefab using Guid(a6bc97bd7d5c84744b69d5e4388d306a) Importer(815301076,1909f56bfc062723c751e8b465ee728b)  -> (artifact id: 'fe95283fcb69d320c91aa4eb74b055dc') in 0.013331 seconds
Number of updated asset objects reloaded before import = 0
Number of asset objects unloaded after import = 10
========================================================================
Received Import Request.
  Time since last request: 0.000020 seconds.
  path: Assets/Scenes/JP_School library/Prefab/book04_3_10_sample.prefab
  artifactKey: Guid(e682a496ae700764f967162ff5f86221) Importer(815301076,1909f56bfc062723c751e8b465ee728b)
Start importing Assets/Scenes/JP_School library/Prefab/book04_3_10_sample.prefab using Guid(e682a496ae700764f967162ff5f86221) Importer(815301076,1909f56bfc062723c751e8b465ee728b)  -> (artifact id: '86f53e46100af40377be4e42940593fa') in 0.013285 seconds
Number of updated asset objects reloaded before import = 0
Number of asset objects unloaded after import = 10
========================================================================
Received Import Request.
  Time since last request: 0.677920 seconds.
  path: Assets/Scenes/JP_School library/Prefab/book04_3_8_sample.prefab
  artifactKey: Guid(a4ba13fdb7fddd14299f8e0db7bbe6a4) Importer(815301076,1909f56bfc062723c751e8b465ee728b)
Start importing Assets/Scenes/JP_School library/Prefab/book04_3_8_sample.prefab using Guid(a4ba13fdb7fddd14299f8e0db7bbe6a4) Importer(815301076,1909f56bfc062723c751e8b465ee728b)  -> (artifact id: 'bc1e71b668ec32e5421dac7520dfea70') in 0.015532 seconds
Number of updated asset objects reloaded before import = 0
Number of asset objects unloaded after import = 10
========================================================================
Received Import Request.
  Time since last request: 0.015801 seconds.
  path: Assets/Scenes/JP_School library/Prefab/book04_3_7_sample.prefab
  artifactKey: Guid(6323cfe9cad583c4d8762adcbc3eda6a) Importer(815301076,1909f56bfc062723c751e8b465ee728b)
Start importing Assets/Scenes/JP_School library/Prefab/book04_3_7_sample.prefab using Guid(6323cfe9cad583c4d8762adcbc3eda6a) Importer(815301076,1909f56bfc062723c751e8b465ee728b)  -> (artifact id: '3cccdc7243f9f1c7004ac297bb132d10') in 0.013153 seconds
Number of updated asset objects reloaded before import = 0
Number of asset objects unloaded after import = 10
========================================================================
Received Import Request.
  Time since last request: 0.136778 seconds.
  path: Assets/Scenes/JP_School library/Prefab/book04_1L_3_1.prefab
  artifactKey: Guid(01084388f27cf6548b66f15f3aa42938) Importer(815301076,1909f56bfc062723c751e8b465ee728b)
Start importing Assets/Scenes/JP_School library/Prefab/book04_1L_3_1.prefab using Guid(01084388f27cf6548b66f15f3aa42938) Importer(815301076,1909f56bfc062723c751e8b465ee728b)  -> (artifact id: '67a77f5970fd79f4d4248dd074350bee') in 0.013876 seconds
Number of updated asset objects reloaded before import = 0
Number of asset objects unloaded after import = 10
========================================================================
Received Import Request.
  Time since last request: 0.000021 seconds.
  path: Assets/Scenes/JP_School library/Prefab/book04_1L_4_2.prefab
  artifactKey: Guid(16500daf41a0b224782c2f89b293aab0) Importer(815301076,1909f56bfc062723c751e8b465ee728b)
Start importing Assets/Scenes/JP_School library/Prefab/book04_1L_4_2.prefab using Guid(16500daf41a0b224782c2f89b293aab0) Importer(815301076,1909f56bfc062723c751e8b465ee728b)  -> (artifact id: '64815fcdc488d80f413ebb8304e6a127') in 0.012799 seconds
Number of updated asset objects reloaded before import = 0
Number of asset objects unloaded after import = 10
========================================================================
Received Import Request.
  Time since last request: 0.000022 seconds.
  path: Assets/Scenes/JP_School library/Prefab/book04_1L_3_sample.prefab
  artifactKey: Guid(492ecb702492a0a4099666415cfe2fac) Importer(815301076,1909f56bfc062723c751e8b465ee728b)
Start importing Assets/Scenes/JP_School library/Prefab/book04_1L_3_sample.prefab using Guid(492ecb702492a0a4099666415cfe2fac) Importer(815301076,1909f56bfc062723c751e8b465ee728b)  -> (artifact id: '6c2984ccba0def233ef6365e80a85a47') in 0.013673 seconds
Number of updated asset objects reloaded before import = 0
Number of asset objects unloaded after import = 10
Editor requested this worker to shutdown with reason: Scaling down because of idle timeout
TcpMessagingSession - receive error: operation aborted. errorcode: 995, details:  I/O 
AssetImportWorker is now disconnected from the server
Process exiting
Exiting without the bug reporter. Application will terminate with return code 0