Using pre-set license
Built from '2022.3/china_unity/release' branch; Version is '2022.3.16f1c1 (2f3f1b3bde89) revision 3096347'; Using compiler version '192829333'; Build Type 'Release'
OS: 'Windows 10  (10.0.19045) 64bit Education' Language: 'zh' Physical Memory: 15716 MB
BatchMode: 1, IsHumanControllingUs: 0, StartBugReporterOnCrash: 0, Is64bit: 1, IsPro: 1

COMMAND LINE ARGUMENTS:
C:\Program Files\Unity\Hub\Editor\2022.3.16f1c1\Editor\Unity.exe
-adb2
-batchMode
-noUpm
-name
AssetImportWorker3
-projectPath
D:/TheGreatLearning5/Software_design/THU-escaping
-logFile
Logs/AssetImportWorker3.log
-srvPort
64166
Successfully changed project path to: D:/TheGreatLearning5/Software_design/THU-escaping
D:/TheGreatLearning5/Software_design/THU-escaping
[UnityMemory] Configuration Parameters - Can be set up in boot.config
    "memorysetup-bucket-allocator-granularity=16"
    "memorysetup-bucket-allocator-bucket-count=8"
    "memorysetup-bucket-allocator-block-size=33554432"
    "memorysetup-bucket-allocator-block-count=8"
    "memorysetup-main-allocator-block-size=16777216"
    "memorysetup-thread-allocator-block-size=16777216"
    "memorysetup-gfx-main-allocator-block-size=16777216"
    "memorysetup-gfx-thread-allocator-block-size=16777216"
    "memorysetup-cache-allocator-block-size=4194304"
    "memorysetup-typetree-allocator-block-size=2097152"
    "memorysetup-profiler-bucket-allocator-granularity=16"
    "memorysetup-profiler-bucket-allocator-bucket-count=8"
    "memorysetup-profiler-bucket-allocator-block-size=33554432"
    "memorysetup-profiler-bucket-allocator-block-count=8"
    "memorysetup-profiler-allocator-block-size=16777216"
    "memorysetup-profiler-editor-allocator-block-size=1048576"
    "memorysetup-temp-allocator-size-main=16777216"
    "memorysetup-job-temp-allocator-block-size=2097152"
    "memorysetup-job-temp-allocator-block-size-background=1048576"
    "memorysetup-job-temp-allocator-reduction-small-platforms=262144"
    "memorysetup-allocator-temp-initial-block-size-main=262144"
    "memorysetup-allocator-temp-initial-block-size-worker=262144"
    "memorysetup-temp-allocator-size-background-worker=32768"
    "memorysetup-temp-allocator-size-job-worker=262144"
    "memorysetup-temp-allocator-size-preload-manager=33554432"
    "memorysetup-temp-allocator-size-nav-mesh-worker=65536"
    "memorysetup-temp-allocator-size-audio-worker=65536"
    "memorysetup-temp-allocator-size-cloud-worker=32768"
    "memorysetup-temp-allocator-size-gi-baking-worker=262144"
    "memorysetup-temp-allocator-size-gfx=262144"
Player connection [28788] Host "[IP] 169.254.132.0 [Port] 0 [Flags] 2 [Guid] 2520541984 [EditorId] 2520541984 [Version] 1048832 [Id] WindowsEditor(7,DESKTOP-UF9109I) [Debug] 1 [PackageName] WindowsEditor [ProjectName] Editor" joined multi-casting on [225.0.0.222:54997]...

Player connection [28788] Host "[IP] 169.254.132.0 [Port] 0 [Flags] 2 [Guid] 2520541984 [EditorId] 2520541984 [Version] 1048832 [Id] WindowsEditor(7,DESKTOP-UF9109I) [Debug] 1 [PackageName] WindowsEditor [ProjectName] Editor" joined alternative multi-casting on [225.0.0.222:34997]...

[Physics::Module] Initialized MultithreadedJobDispatcher with 15 workers.
Refreshing native plugins compatible for Editor in 12.78 ms, found 3 plugins.
Preloading 0 native plugins for Editor in 0.00 ms.
Initialize engine version: 2022.3.16f1c1 (2f3f1b3bde89)
[Subsystems] Discovering subsystems at path C:/Program Files/Unity/Hub/Editor/2022.3.16f1c1/Editor/Data/Resources/UnitySubsystems
[Subsystems] Discovering subsystems at path D:/TheGreatLearning5/Software_design/THU-escaping/Assets
GfxDevice: creating device client; threaded=0; jobified=0
Direct3D:
    Version:  Direct3D 11.0 [level 11.1]
    Renderer: NVIDIA T600 Laptop GPU (ID=0x1fba)
    Vendor:   NVIDIA
    VRAM:     3950 MB
    Driver:   31.0.15.4626
Initialize mono
Mono path[0] = 'C:/Program Files/Unity/Hub/Editor/2022.3.16f1c1/Editor/Data/Managed'
Mono path[1] = 'C:/Program Files/Unity/Hub/Editor/2022.3.16f1c1/Editor/Data/MonoBleedingEdge/lib/mono/unityjit-win32'
Mono config path = 'C:/Program Files/Unity/Hub/Editor/2022.3.16f1c1/Editor/Data/MonoBleedingEdge/etc'
Using monoOptions --debugger-agent=transport=dt_socket,embedding=1,server=y,suspend=n,address=127.0.0.1:56792
Begin MonoManager ReloadAssembly
Registering precompiled unity dll's ...
Register platform support module: C:/Program Files/Unity/Hub/Editor/2022.3.16f1c1/Editor/Data/PlaybackEngines/WindowsStandaloneSupport/UnityEditor.WindowsStandalone.Extensions.dll
Registered in 0.010489 seconds.
- Loaded All Assemblies, in  0.321 seconds
Native extension for WindowsStandalone target not found
Mono: successfully reloaded assembly
- Finished resetting the current domain, in  0.245 seconds
Domain Reload Profiling: 563ms
	BeginReloadAssembly (99ms)
		ExecutionOrderSort (0ms)
		DisableScriptedObjects (0ms)
		BackupInstance (0ms)
		ReleaseScriptingObjects (0ms)
		CreateAndSetChildDomain (1ms)
	RebuildCommonClasses (29ms)
	RebuildNativeTypeToScriptingClass (9ms)
	initialDomainReloadingComplete (63ms)
	LoadAllAssembliesAndSetupDomain (116ms)
		LoadAssemblies (95ms)
		RebuildTransferFunctionScriptingTraits (0ms)
		AnalyzeDomain (114ms)
			TypeCache.Refresh (112ms)
				TypeCache.ScanAssembly (101ms)
			ScanForSourceGeneratedMonoScriptInfo (0ms)
			ResolveRequiredComponents (1ms)
	FinalizeReload (246ms)
		ReleaseScriptCaches (0ms)
		RebuildScriptCaches (0ms)
		SetupLoadedEditorAssemblies (193ms)
			LogAssemblyErrors (0ms)
			InitializePlatformSupportModulesInManaged (9ms)
			SetLoadedEditorAssemblies (7ms)
			RefreshPlugins (0ms)
			BeforeProcessingInitializeOnLoad (2ms)
			ProcessInitializeOnLoadAttributes (132ms)
			ProcessInitializeOnLoadMethodAttributes (43ms)
			AfterProcessingInitializeOnLoad (0ms)
			EditorAssembliesLoaded (0ms)
		ExecutionOrderSort2 (0ms)
		AwakeInstancesAfterBackupRestoration (0ms)
========================================================================
Worker process is ready to serve import requests
Begin MonoManager ReloadAssembly
- Loaded All Assemblies, in  0.663 seconds
Refreshing native plugins compatible for Editor in 3.14 ms, found 3 plugins.
Native extension for WindowsStandalone target not found
Package Manager log level set to [2]
[Package Manager] Server::EnsureServerProcessIsRunning -- launch failed, reason: Unity was launched with the -noUpm command-line argument
[Package Manager] UpmClient::Send -- Unable to send message (not connected to UPM process).
[Package Manager] Cannot connect to Unity Package Manager local server
Mono: successfully reloaded assembly
- Finished resetting the current domain, in  0.513 seconds
Domain Reload Profiling: 1171ms
	BeginReloadAssembly (170ms)
		ExecutionOrderSort (0ms)
		DisableScriptedObjects (7ms)
		BackupInstance (0ms)
		ReleaseScriptingObjects (0ms)
		CreateAndSetChildDomain (27ms)
	RebuildCommonClasses (34ms)
	RebuildNativeTypeToScriptingClass (12ms)
	initialDomainReloadingComplete (52ms)
	LoadAllAssembliesAndSetupDomain (390ms)
		LoadAssemblies (341ms)
		RebuildTransferFunctionScriptingTraits (0ms)
		AnalyzeDomain (149ms)
			TypeCache.Refresh (133ms)
				TypeCache.ScanAssembly (120ms)
			ScanForSourceGeneratedMonoScriptInfo (12ms)
			ResolveRequiredComponents (3ms)
	FinalizeReload (513ms)
		ReleaseScriptCaches (0ms)
		RebuildScriptCaches (0ms)
		SetupLoadedEditorAssemblies (382ms)
			LogAssemblyErrors (0ms)
			InitializePlatformSupportModulesInManaged (6ms)
			SetLoadedEditorAssemblies (3ms)
			RefreshPlugins (0ms)
			BeforeProcessingInitializeOnLoad (57ms)
			ProcessInitializeOnLoadAttributes (288ms)
			ProcessInitializeOnLoadMethodAttributes (18ms)
			AfterProcessingInitializeOnLoad (11ms)
			EditorAssembliesLoaded (0ms)
		ExecutionOrderSort2 (0ms)
		AwakeInstancesAfterBackupRestoration (6ms)
Launched and connected shader compiler UnityShaderCompiler.exe after 0.04 seconds
Refreshing native plugins compatible for Editor in 5.23 ms, found 3 plugins.
Preloading 0 native plugins for Editor in 0.00 ms.
Unloading 3134 Unused Serialized files (Serialized files now loaded: 0)
Unloading 32 unused Assets / (58.3 KB). Loaded Objects now: 3621.
Memory consumption went from 139.9 MB to 139.8 MB.
Total: 5.285400 ms (FindLiveObjects: 0.644500 ms CreateObjectMapping: 0.250400 ms MarkObjects: 4.169500 ms  DeleteObjects: 0.219300 ms)

AssetImportParameters requested are different than current active one (requested -> active):
  custom:container-demuxer-ogg: 62fdf1f143b41e24485cea50d1cbac27 -> 
  custom:video-decoder-ogg-theora: a1e56fd34408186e4bbccfd4996cb3dc -> 
  custom:framework-win-MediaFoundation: 216162199b28c13a410421893ffa2e32 -> 
  custom:CustomObjectIndexerAttribute: 43b350a4d6e6d1791af0b5038c4bea17 -> 
  custom:container-demuxer-webm: 4f35f7cbe854078d1ac9338744f61a02 -> 
  custom:container-muxer-webm: aa71ff27fc2769a1b78a27578f13a17b -> 
  custom:video-decoder-webm-vp8: 9c59270c3fd7afecdb556c50c9e8de78 -> 
  custom:SearchIndexIgnoredProperties: e643bd26f0fe6173181afceb89e7c659 -> 
  custom:AudioImporter_EditorPlatform: d09bf68614088b80899f8185d706f6e7 -> 
  custom:video-encoder-webm-vp8: eb34c28f22e8b96e1ab97ce403110664 -> 
  custom:audio-decoder-ogg-vorbis: bf7c407c2cedff20999df2af8eb42d56 -> 
  custom:audio-encoder-webm-vorbis: bf7c407c2cedff20999df2af8eb42d56 -> 
========================================================================
Received Prepare
Begin MonoManager ReloadAssembly
- Loaded All Assemblies, in  0.420 seconds
Refreshing native plugins compatible for Editor in 3.26 ms, found 3 plugins.
Native extension for WindowsStandalone target not found
[Package Manager] Server::EnsureServerProcessIsRunning -- launch failed, reason: Unity was launched with the -noUpm command-line argument
[Package Manager] UpmClient::Send -- Unable to send message (not connected to UPM process).
[Package Manager] Cannot connect to Unity Package Manager local server
Mono: successfully reloaded assembly
- Finished resetting the current domain, in  0.842 seconds
Domain Reload Profiling: 1256ms
	BeginReloadAssembly (151ms)
		ExecutionOrderSort (0ms)
		DisableScriptedObjects (8ms)
		BackupInstance (0ms)
		ReleaseScriptingObjects (0ms)
		CreateAndSetChildDomain (31ms)
	RebuildCommonClasses (27ms)
	RebuildNativeTypeToScriptingClass (9ms)
	initialDomainReloadingComplete (32ms)
	LoadAllAssembliesAndSetupDomain (195ms)
		LoadAssemblies (264ms)
		RebuildTransferFunctionScriptingTraits (0ms)
		AnalyzeDomain (11ms)
			TypeCache.Refresh (5ms)
				TypeCache.ScanAssembly (0ms)
			ScanForSourceGeneratedMonoScriptInfo (0ms)
			ResolveRequiredComponents (4ms)
	FinalizeReload (842ms)
		ReleaseScriptCaches (0ms)
		RebuildScriptCaches (0ms)
		SetupLoadedEditorAssemblies (383ms)
			LogAssemblyErrors (0ms)
			InitializePlatformSupportModulesInManaged (7ms)
			SetLoadedEditorAssemblies (3ms)
			RefreshPlugins (0ms)
			BeforeProcessingInitializeOnLoad (65ms)
			ProcessInitializeOnLoadAttributes (274ms)
			ProcessInitializeOnLoadMethodAttributes (21ms)
			AfterProcessingInitializeOnLoad (13ms)
			EditorAssembliesLoaded (0ms)
		ExecutionOrderSort2 (0ms)
		AwakeInstancesAfterBackupRestoration (7ms)
Refreshing native plugins compatible for Editor in 3.62 ms, found 3 plugins.
Preloading 0 native plugins for Editor in 0.00 ms.
Unloading 3114 Unused Serialized files (Serialized files now loaded: 0)
Unloading 23 unused Assets / (31.1 KB). Loaded Objects now: 3624.
Memory consumption went from 137.8 MB to 137.8 MB.
Total: 3.103700 ms (FindLiveObjects: 0.294900 ms CreateObjectMapping: 0.244800 ms MarkObjects: 2.509500 ms  DeleteObjects: 0.053400 ms)

Prepare: number of updated asset objects reloaded= 0
AssetImportParameters requested are different than current active one (requested -> active):
  custom:container-demuxer-ogg: 62fdf1f143b41e24485cea50d1cbac27 -> 
  custom:video-decoder-ogg-theora: a1e56fd34408186e4bbccfd4996cb3dc -> 
  custom:framework-win-MediaFoundation: 216162199b28c13a410421893ffa2e32 -> 
  custom:CustomObjectIndexerAttribute: 43b350a4d6e6d1791af0b5038c4bea17 -> 
  custom:container-demuxer-webm: 4f35f7cbe854078d1ac9338744f61a02 -> 
  custom:container-muxer-webm: aa71ff27fc2769a1b78a27578f13a17b -> 
  custom:video-decoder-webm-vp8: 9c59270c3fd7afecdb556c50c9e8de78 -> 
  custom:SearchIndexIgnoredProperties: e643bd26f0fe6173181afceb89e7c659 -> 
  custom:AudioImporter_EditorPlatform: d09bf68614088b80899f8185d706f6e7 -> 
  custom:video-encoder-webm-vp8: eb34c28f22e8b96e1ab97ce403110664 -> 
  custom:audio-decoder-ogg-vorbis: bf7c407c2cedff20999df2af8eb42d56 -> 
  custom:audio-encoder-webm-vorbis: bf7c407c2cedff20999df2af8eb42d56 -> 
========================================================================
Received Prepare
Begin MonoManager ReloadAssembly
- Loaded All Assemblies, in  0.422 seconds
Refreshing native plugins compatible for Editor in 4.01 ms, found 3 plugins.
Native extension for WindowsStandalone target not found
[Package Manager] Server::EnsureServerProcessIsRunning -- launch failed, reason: Unity was launched with the -noUpm command-line argument
[Package Manager] UpmClient::Send -- Unable to send message (not connected to UPM process).
[Package Manager] Cannot connect to Unity Package Manager local server
Mono: successfully reloaded assembly
- Finished resetting the current domain, in  0.839 seconds
Domain Reload Profiling: 1256ms
	BeginReloadAssembly (149ms)
		ExecutionOrderSort (0ms)
		DisableScriptedObjects (5ms)
		BackupInstance (0ms)
		ReleaseScriptingObjects (0ms)
		CreateAndSetChildDomain (32ms)
	RebuildCommonClasses (28ms)
	RebuildNativeTypeToScriptingClass (9ms)
	initialDomainReloadingComplete (33ms)
	LoadAllAssembliesAndSetupDomain (197ms)
		LoadAssemblies (267ms)
		RebuildTransferFunctionScriptingTraits (0ms)
		AnalyzeDomain (10ms)
			TypeCache.Refresh (5ms)
				TypeCache.ScanAssembly (0ms)
			ScanForSourceGeneratedMonoScriptInfo (0ms)
			ResolveRequiredComponents (4ms)
	FinalizeReload (839ms)
		ReleaseScriptCaches (0ms)
		RebuildScriptCaches (0ms)
		SetupLoadedEditorAssemblies (366ms)
			LogAssemblyErrors (0ms)
			InitializePlatformSupportModulesInManaged (6ms)
			SetLoadedEditorAssemblies (3ms)
			RefreshPlugins (0ms)
			BeforeProcessingInitializeOnLoad (60ms)
			ProcessInitializeOnLoadAttributes (265ms)
			ProcessInitializeOnLoadMethodAttributes (20ms)
			AfterProcessingInitializeOnLoad (12ms)
			EditorAssembliesLoaded (0ms)
		ExecutionOrderSort2 (0ms)
		AwakeInstancesAfterBackupRestoration (7ms)
Refreshing native plugins compatible for Editor in 5.55 ms, found 3 plugins.
Preloading 0 native plugins for Editor in 0.00 ms.
Unloading 3114 Unused Serialized files (Serialized files now loaded: 0)
Unloading 23 unused Assets / (31.1 KB). Loaded Objects now: 3627.
Memory consumption went from 139.8 MB to 139.8 MB.
Total: 3.827600 ms (FindLiveObjects: 0.266300 ms CreateObjectMapping: 0.086900 ms MarkObjects: 3.407500 ms  DeleteObjects: 0.065400 ms)

Prepare: number of updated asset objects reloaded= 0
AssetImportParameters requested are different than current active one (requested -> active):
  custom:container-demuxer-ogg: 62fdf1f143b41e24485cea50d1cbac27 -> 
  custom:video-decoder-ogg-theora: a1e56fd34408186e4bbccfd4996cb3dc -> 
  custom:framework-win-MediaFoundation: 216162199b28c13a410421893ffa2e32 -> 
  custom:CustomObjectIndexerAttribute: 43b350a4d6e6d1791af0b5038c4bea17 -> 
  custom:container-demuxer-webm: 4f35f7cbe854078d1ac9338744f61a02 -> 
  custom:container-muxer-webm: aa71ff27fc2769a1b78a27578f13a17b -> 
  custom:video-decoder-webm-vp8: 9c59270c3fd7afecdb556c50c9e8de78 -> 
  custom:SearchIndexIgnoredProperties: e643bd26f0fe6173181afceb89e7c659 -> 
  custom:AudioImporter_EditorPlatform: d09bf68614088b80899f8185d706f6e7 -> 
  custom:video-encoder-webm-vp8: eb34c28f22e8b96e1ab97ce403110664 -> 
  custom:audio-decoder-ogg-vorbis: bf7c407c2cedff20999df2af8eb42d56 -> 
  custom:audio-encoder-webm-vorbis: bf7c407c2cedff20999df2af8eb42d56 -> 
========================================================================
Received Prepare
Begin MonoManager ReloadAssembly
- Loaded All Assemblies, in  0.407 seconds
Refreshing native plugins compatible for Editor in 3.28 ms, found 3 plugins.
Native extension for WindowsStandalone target not found
[Package Manager] Server::EnsureServerProcessIsRunning -- launch failed, reason: Unity was launched with the -noUpm command-line argument
[Package Manager] UpmClient::Send -- Unable to send message (not connected to UPM process).
[Package Manager] Cannot connect to Unity Package Manager local server
Mono: successfully reloaded assembly
- Finished resetting the current domain, in  0.827 seconds
Domain Reload Profiling: 1230ms
	BeginReloadAssembly (144ms)
		ExecutionOrderSort (0ms)
		DisableScriptedObjects (5ms)
		BackupInstance (0ms)
		ReleaseScriptingObjects (0ms)
		CreateAndSetChildDomain (30ms)
	RebuildCommonClasses (32ms)
	RebuildNativeTypeToScriptingClass (9ms)
	initialDomainReloadingComplete (32ms)
	LoadAllAssembliesAndSetupDomain (186ms)
		LoadAssemblies (254ms)
		RebuildTransferFunctionScriptingTraits (0ms)
		AnalyzeDomain (10ms)
			TypeCache.Refresh (5ms)
				TypeCache.ScanAssembly (0ms)
			ScanForSourceGeneratedMonoScriptInfo (0ms)
			ResolveRequiredComponents (4ms)
	FinalizeReload (828ms)
		ReleaseScriptCaches (0ms)
		RebuildScriptCaches (0ms)
		SetupLoadedEditorAssemblies (369ms)
			LogAssemblyErrors (0ms)
			InitializePlatformSupportModulesInManaged (6ms)
			SetLoadedEditorAssemblies (3ms)
			RefreshPlugins (0ms)
			BeforeProcessingInitializeOnLoad (65ms)
			ProcessInitializeOnLoadAttributes (258ms)
			ProcessInitializeOnLoadMethodAttributes (21ms)
			AfterProcessingInitializeOnLoad (15ms)
			EditorAssembliesLoaded (0ms)
		ExecutionOrderSort2 (0ms)
		AwakeInstancesAfterBackupRestoration (7ms)
Refreshing native plugins compatible for Editor in 4.15 ms, found 3 plugins.
Preloading 0 native plugins for Editor in 0.00 ms.
Unloading 3114 Unused Serialized files (Serialized files now loaded: 0)
Unloading 23 unused Assets / (31.1 KB). Loaded Objects now: 3630.
Memory consumption went from 141.7 MB to 141.7 MB.
Total: 3.969600 ms (FindLiveObjects: 0.324300 ms CreateObjectMapping: 0.269900 ms MarkObjects: 3.316800 ms  DeleteObjects: 0.057500 ms)

Prepare: number of updated asset objects reloaded= 0
AssetImportParameters requested are different than current active one (requested -> active):
  custom:container-demuxer-ogg: 62fdf1f143b41e24485cea50d1cbac27 -> 
  custom:video-decoder-ogg-theora: a1e56fd34408186e4bbccfd4996cb3dc -> 
  custom:framework-win-MediaFoundation: 216162199b28c13a410421893ffa2e32 -> 
  custom:CustomObjectIndexerAttribute: 43b350a4d6e6d1791af0b5038c4bea17 -> 
  custom:container-demuxer-webm: 4f35f7cbe854078d1ac9338744f61a02 -> 
  custom:container-muxer-webm: aa71ff27fc2769a1b78a27578f13a17b -> 
  custom:video-decoder-webm-vp8: 9c59270c3fd7afecdb556c50c9e8de78 -> 
  custom:SearchIndexIgnoredProperties: e643bd26f0fe6173181afceb89e7c659 -> 
  custom:AudioImporter_EditorPlatform: d09bf68614088b80899f8185d706f6e7 -> 
  custom:video-encoder-webm-vp8: eb34c28f22e8b96e1ab97ce403110664 -> 
  custom:audio-decoder-ogg-vorbis: bf7c407c2cedff20999df2af8eb42d56 -> 
  custom:audio-encoder-webm-vorbis: bf7c407c2cedff20999df2af8eb42d56 -> 
========================================================================
Received Import Request.
  Time since last request: 20868.010691 seconds.
  path: Assets/Scenes/JP_School library/Texture/bench01_2.tga
  artifactKey: Guid(fd5b0c86da72dcb4db005d53581a34c0) Importer(815301076,1909f56bfc062723c751e8b465ee728b)
Start importing Assets/Scenes/JP_School library/Texture/bench01_2.tga using Guid(fd5b0c86da72dcb4db005d53581a34c0) Importer(815301076,1909f56bfc062723c751e8b465ee728b)  -> (artifact id: '12812f05f981f0bb148e4130db2a0c96') in 0.075699 seconds
Number of updated asset objects reloaded before import = 0
Number of asset objects unloaded after import = 2
========================================================================
Received Import Request.
  Time since last request: 0.000023 seconds.
  path: Assets/Scenes/JP_School library/Texture/book02_1_NRM.png
  artifactKey: Guid(a129a56bec6cfda47a885ceca5de4329) Importer(815301076,1909f56bfc062723c751e8b465ee728b)
Start importing Assets/Scenes/JP_School library/Texture/book02_1_NRM.png using Guid(a129a56bec6cfda47a885ceca5de4329) Importer(815301076,1909f56bfc062723c751e8b465ee728b)  -> (artifact id: 'e70228a5383c911a564b334114930925') in 0.045468 seconds
Number of updated asset objects reloaded before import = 0
Number of asset objects unloaded after import = 2
========================================================================
Received Import Request.
  Time since last request: 0.000039 seconds.
  path: Assets/Scenes/JP_School library/Texture/book01_1_NRM.png
  artifactKey: Guid(e90e2ec0a9b3b1c4689050139eec5e04) Importer(815301076,1909f56bfc062723c751e8b465ee728b)
Start importing Assets/Scenes/JP_School library/Texture/book01_1_NRM.png using Guid(e90e2ec0a9b3b1c4689050139eec5e04) Importer(815301076,1909f56bfc062723c751e8b465ee728b)  -> (artifact id: '75626fd081ea9b8c4db3ea4a26ca4aba') in 0.035931 seconds
Number of updated asset objects reloaded before import = 0
Number of asset objects unloaded after import = 2
========================================================================
Received Import Request.
  Time since last request: 0.000023 seconds.
  path: Assets/Scenes/JP_School library/Texture/book01_2_2.tga
  artifactKey: Guid(890225689f8ae1b419c2dd9a741bfad0) Importer(815301076,1909f56bfc062723c751e8b465ee728b)
Start importing Assets/Scenes/JP_School library/Texture/book01_2_2.tga using Guid(890225689f8ae1b419c2dd9a741bfad0) Importer(815301076,1909f56bfc062723c751e8b465ee728b)  -> (artifact id: '7f29ef44e4a1e504f80a3aaf02b6e44f') in 0.026018 seconds
Number of updated asset objects reloaded before import = 0
Number of asset objects unloaded after import = 2
========================================================================
Received Import Request.
  Time since last request: 0.000020 seconds.
  path: Assets/Scenes/JP_School library/Texture/book01_1_1.tga
  artifactKey: Guid(48811a2c04687f84294793f118144176) Importer(815301076,1909f56bfc062723c751e8b465ee728b)
Start importing Assets/Scenes/JP_School library/Texture/book01_1_1.tga using Guid(48811a2c04687f84294793f118144176) Importer(815301076,1909f56bfc062723c751e8b465ee728b)  -> (artifact id: '808f646cd3c862c2685a15e8b9e0cd08') in 0.021340 seconds
Number of updated asset objects reloaded before import = 0
Number of asset objects unloaded after import = 2
========================================================================
Received Import Request.
  Time since last request: 0.000021 seconds.
  path: Assets/Scenes/JP_School library/Texture/book01_2_samp.tga
  artifactKey: Guid(92f03ee616c3c684ca738e6360d5fbef) Importer(815301076,1909f56bfc062723c751e8b465ee728b)
Start importing Assets/Scenes/JP_School library/Texture/book01_2_samp.tga using Guid(92f03ee616c3c684ca738e6360d5fbef) Importer(815301076,1909f56bfc062723c751e8b465ee728b)  -> (artifact id: 'e58e5f6e2c4ff40ef93525693764595d') in 0.025319 seconds
Number of updated asset objects reloaded before import = 0
Number of asset objects unloaded after import = 2
========================================================================
Received Import Request.
  Time since last request: 0.000022 seconds.
  path: Assets/Scenes/JP_School library/Texture/book03_1_1.tga
  artifactKey: Guid(b345af153ea5c8f46a5f97fc1707736a) Importer(815301076,1909f56bfc062723c751e8b465ee728b)
Start importing Assets/Scenes/JP_School library/Texture/book03_1_1.tga using Guid(b345af153ea5c8f46a5f97fc1707736a) Importer(815301076,1909f56bfc062723c751e8b465ee728b)  -> (artifact id: '655d341490f475f0868ad3c18381ff0e') in 0.024280 seconds
Number of updated asset objects reloaded before import = 0
Number of asset objects unloaded after import = 2
========================================================================
Received Import Request.
  Time since last request: 0.000023 seconds.
  path: Assets/Scenes/JP_School library/Texture/bench01_3.tga
  artifactKey: Guid(35422ad1d76d7a143bf7de142eeb1e9d) Importer(815301076,1909f56bfc062723c751e8b465ee728b)
Start importing Assets/Scenes/JP_School library/Texture/bench01_3.tga using Guid(35422ad1d76d7a143bf7de142eeb1e9d) Importer(815301076,1909f56bfc062723c751e8b465ee728b)  -> (artifact id: '8ac964a9fc04cdc449f0f49f3f74108a') in 0.024384 seconds
Number of updated asset objects reloaded before import = 0
Number of asset objects unloaded after import = 2
========================================================================
Received Import Request.
  Time since last request: 0.837674 seconds.
  path: Assets/Scenes/JP_School library/Texture/book03_1_NRM.png
  artifactKey: Guid(2289c8e62d8892f45b9c39f2a472c8c1) Importer(815301076,1909f56bfc062723c751e8b465ee728b)
Start importing Assets/Scenes/JP_School library/Texture/book03_1_NRM.png using Guid(2289c8e62d8892f45b9c39f2a472c8c1) Importer(815301076,1909f56bfc062723c751e8b465ee728b)  -> (artifact id: 'dfa581aea6becf5741c11ef9887ac83f') in 0.019178 seconds
Number of updated asset objects reloaded before import = 0
Number of asset objects unloaded after import = 2
========================================================================
Received Import Request.
  Time since last request: 0.038219 seconds.
  path: Assets/Scenes/JP_School library/Texture/book03_2_2.tga
  artifactKey: Guid(94f87e30877935844a0f4efef4bc03d6) Importer(815301076,1909f56bfc062723c751e8b465ee728b)
Start importing Assets/Scenes/JP_School library/Texture/book03_2_2.tga using Guid(94f87e30877935844a0f4efef4bc03d6) Importer(815301076,1909f56bfc062723c751e8b465ee728b)  -> (artifact id: '50c6c56b7497347680f3528d50f4263c') in 0.030529 seconds
Number of updated asset objects reloaded before import = 0
Number of asset objects unloaded after import = 2
========================================================================
Received Import Request.
  Time since last request: 0.557356 seconds.
  path: Assets/Scenes/JP_School library/Texture/book03_3_1.tga
  artifactKey: Guid(06185d327f3e90545872331b3740f8d7) Importer(815301076,1909f56bfc062723c751e8b465ee728b)
Start importing Assets/Scenes/JP_School library/Texture/book03_3_1.tga using Guid(06185d327f3e90545872331b3740f8d7) Importer(815301076,1909f56bfc062723c751e8b465ee728b)  -> (artifact id: 'a2da4c0185b446f571360a4d5a0bc2c3') in 0.019105 seconds
Number of updated asset objects reloaded before import = 0
Number of asset objects unloaded after import = 2
========================================================================
Received Import Request.
  Time since last request: 0.000023 seconds.
  path: Assets/Scenes/JP_School library/Texture/book03_3_2.tga
  artifactKey: Guid(46a95089a401bc649b5b24cd0ea76c1a) Importer(815301076,1909f56bfc062723c751e8b465ee728b)
Start importing Assets/Scenes/JP_School library/Texture/book03_3_2.tga using Guid(46a95089a401bc649b5b24cd0ea76c1a) Importer(815301076,1909f56bfc062723c751e8b465ee728b)  -> (artifact id: 'ffcda6e6c6ad9a55595df2736b6b8d7d') in 0.019049 seconds
Number of updated asset objects reloaded before import = 0
Number of asset objects unloaded after import = 2
========================================================================
Received Import Request.
  Time since last request: 0.021633 seconds.
  path: Assets/Scenes/JP_School library/Texture/book03_3_samp2.tga
  artifactKey: Guid(a0e5f731a72778442923dad87025f502) Importer(815301076,1909f56bfc062723c751e8b465ee728b)
Start importing Assets/Scenes/JP_School library/Texture/book03_3_samp2.tga using Guid(a0e5f731a72778442923dad87025f502) Importer(815301076,1909f56bfc062723c751e8b465ee728b)  -> (artifact id: '134b5d2dccf7698e3b857aa2676d13e6') in 0.021195 seconds
Number of updated asset objects reloaded before import = 0
Number of asset objects unloaded after import = 2
========================================================================
Received Import Request.
  Time since last request: 0.000018 seconds.
  path: Assets/Scenes/JP_School library/Texture/book03_4_1.tga
  artifactKey: Guid(d500483a01d39c140b02d4b97196c33d) Importer(815301076,1909f56bfc062723c751e8b465ee728b)
Start importing Assets/Scenes/JP_School library/Texture/book03_4_1.tga using Guid(d500483a01d39c140b02d4b97196c33d) Importer(815301076,1909f56bfc062723c751e8b465ee728b)  -> (artifact id: 'b7023291388a7d82f56f7a5426945faa') in 0.018166 seconds
Number of updated asset objects reloaded before import = 0
Number of asset objects unloaded after import = 2
========================================================================
Received Import Request.
  Time since last request: 0.055215 seconds.
  path: Assets/Scenes/JP_School library/Texture/book03_4_samp1.tga
  artifactKey: Guid(5bc7da9dddaf7d949956189dccd948a4) Importer(815301076,1909f56bfc062723c751e8b465ee728b)
Start importing Assets/Scenes/JP_School library/Texture/book03_4_samp1.tga using Guid(5bc7da9dddaf7d949956189dccd948a4) Importer(815301076,1909f56bfc062723c751e8b465ee728b)  -> (artifact id: '9fa1c256d47df44a3a386a8c5575deff') in 0.020336 seconds
Number of updated asset objects reloaded before import = 0
Number of asset objects unloaded after import = 2
========================================================================
Received Import Request.
  Time since last request: 0.363990 seconds.
  path: Assets/Scenes/JP_School library/Texture/book03_5_2.tga
  artifactKey: Guid(894c253ccd201564393882dd3c77d82c) Importer(815301076,1909f56bfc062723c751e8b465ee728b)
Start importing Assets/Scenes/JP_School library/Texture/book03_5_2.tga using Guid(894c253ccd201564393882dd3c77d82c) Importer(815301076,1909f56bfc062723c751e8b465ee728b)  -> (artifact id: '079e2d30e20e3f483ab3ced48b5741f7') in 0.029262 seconds
Number of updated asset objects reloaded before import = 0
Number of asset objects unloaded after import = 2
========================================================================
Received Import Request.
  Time since last request: 0.038154 seconds.
  path: Assets/Scenes/JP_School library/Texture/book03_6_1.tga
  artifactKey: Guid(6bba2eb923146a143a2365e715cd97d2) Importer(815301076,1909f56bfc062723c751e8b465ee728b)
Start importing Assets/Scenes/JP_School library/Texture/book03_6_1.tga using Guid(6bba2eb923146a143a2365e715cd97d2) Importer(815301076,1909f56bfc062723c751e8b465ee728b)  -> (artifact id: 'd395dbd34e367c845e77b6d6f5a90095') in 0.020050 seconds
Number of updated asset objects reloaded before import = 0
Number of asset objects unloaded after import = 2
========================================================================
Received Import Request.
  Time since last request: 0.025666 seconds.
  path: Assets/Scenes/JP_School library/Texture/book03_6_samp2.tga
  artifactKey: Guid(ab0cf5afefed02545808600d376c1aa6) Importer(815301076,1909f56bfc062723c751e8b465ee728b)
Start importing Assets/Scenes/JP_School library/Texture/book03_6_samp2.tga using Guid(ab0cf5afefed02545808600d376c1aa6) Importer(815301076,1909f56bfc062723c751e8b465ee728b)  -> (artifact id: 'df3514ac3d24e90246ef08679ab3cb46') in 0.020803 seconds
Number of updated asset objects reloaded before import = 0
Number of asset objects unloaded after import = 2
========================================================================
Received Import Request.
  Time since last request: 0.000021 seconds.
  path: Assets/Scenes/JP_School library/Texture/book03_7_1.tga
  artifactKey: Guid(cf6ac7dce07ecc14fbc3b75e03454cc6) Importer(815301076,1909f56bfc062723c751e8b465ee728b)
Start importing Assets/Scenes/JP_School library/Texture/book03_7_1.tga using Guid(cf6ac7dce07ecc14fbc3b75e03454cc6) Importer(815301076,1909f56bfc062723c751e8b465ee728b)  -> (artifact id: '650e7b89ad4620767ab8984047906ece') in 0.021172 seconds
Number of updated asset objects reloaded before import = 0
Number of asset objects unloaded after import = 2
========================================================================
Received Import Request.
  Time since last request: 0.339529 seconds.
  path: Assets/Scenes/JP_School library/Texture/book03_7_samp1.tga
  artifactKey: Guid(5315ebb7b1d771f41bd90f32a6ed77a5) Importer(815301076,1909f56bfc062723c751e8b465ee728b)
Start importing Assets/Scenes/JP_School library/Texture/book03_7_samp1.tga using Guid(5315ebb7b1d771f41bd90f32a6ed77a5) Importer(815301076,1909f56bfc062723c751e8b465ee728b)  -> (artifact id: '1cb503f0859f6b38b53a3ba4de283f45') in 0.019901 seconds
Number of updated asset objects reloaded before import = 0
Number of asset objects unloaded after import = 2
========================================================================
Received Import Request.
  Time since last request: 0.000050 seconds.
  path: Assets/Scenes/JP_School library/Texture/book03_7_samp2.tga
  artifactKey: Guid(b0955b327edee604d908715decc045e1) Importer(815301076,1909f56bfc062723c751e8b465ee728b)
Start importing Assets/Scenes/JP_School library/Texture/book03_7_samp2.tga using Guid(b0955b327edee604d908715decc045e1) Importer(815301076,1909f56bfc062723c751e8b465ee728b)  -> (artifact id: 'f9f31517837c511fcf5d7dfd473472bf') in 0.017945 seconds
Number of updated asset objects reloaded before import = 0
Number of asset objects unloaded after import = 2
========================================================================
Received Import Request.
  Time since last request: 0.020745 seconds.
  path: Assets/Scenes/JP_School library/Texture/book03_8_2.tga
  artifactKey: Guid(74b1aafb47888604b9db8207884e72a3) Importer(815301076,1909f56bfc062723c751e8b465ee728b)
Start importing Assets/Scenes/JP_School library/Texture/book03_8_2.tga using Guid(74b1aafb47888604b9db8207884e72a3) Importer(815301076,1909f56bfc062723c751e8b465ee728b)  -> (artifact id: '385ad39d7ad0450cce55aebebf5c4810') in 0.019044 seconds
Number of updated asset objects reloaded before import = 0
Number of asset objects unloaded after import = 2
========================================================================
Received Import Request.
  Time since last request: 0.000021 seconds.
  path: Assets/Scenes/JP_School library/Texture/book04_1_1.tga
  artifactKey: Guid(b6977398dbb3f224a8c132ac6a3edd3f) Importer(815301076,1909f56bfc062723c751e8b465ee728b)
Start importing Assets/Scenes/JP_School library/Texture/book04_1_1.tga using Guid(b6977398dbb3f224a8c132ac6a3edd3f) Importer(815301076,1909f56bfc062723c751e8b465ee728b)  -> (artifact id: '5db3778347db5700f3c35117cc48591e') in 0.019936 seconds
Number of updated asset objects reloaded before import = 0
Number of asset objects unloaded after import = 2
========================================================================
Received Import Request.
  Time since last request: 0.000030 seconds.
  path: Assets/Scenes/JP_School library/Texture/book04_1_NRM.png
  artifactKey: Guid(000eaa606c532544cbf2e681c0c1a3bb) Importer(815301076,1909f56bfc062723c751e8b465ee728b)
Start importing Assets/Scenes/JP_School library/Texture/book04_1_NRM.png using Guid(000eaa606c532544cbf2e681c0c1a3bb) Importer(815301076,1909f56bfc062723c751e8b465ee728b)  -> (artifact id: 'addbdf3948b159fc825f9a5ec65e5eed') in 0.020277 seconds
Number of updated asset objects reloaded before import = 0
Number of asset objects unloaded after import = 2
========================================================================
Received Import Request.
  Time since last request: 0.052316 seconds.
  path: Assets/Scenes/JP_School library/Texture/book04_2_1.tga
  artifactKey: Guid(690cc537e4da3a44a81297475e9c2ffb) Importer(815301076,1909f56bfc062723c751e8b465ee728b)
Start importing Assets/Scenes/JP_School library/Texture/book04_2_1.tga using Guid(690cc537e4da3a44a81297475e9c2ffb) Importer(815301076,1909f56bfc062723c751e8b465ee728b)  -> (artifact id: '711692fb6f06fdc97402abc759502bf1') in 0.019401 seconds
Number of updated asset objects reloaded before import = 0
Number of asset objects unloaded after import = 2
========================================================================
Received Import Request.
  Time since last request: 0.276694 seconds.
  path: Assets/Scenes/JP_School library/Texture/book04_2_samp.tga
  artifactKey: Guid(f8df132bda1475a4fb2567bc55539ce9) Importer(815301076,1909f56bfc062723c751e8b465ee728b)
Start importing Assets/Scenes/JP_School library/Texture/book04_2_samp.tga using Guid(f8df132bda1475a4fb2567bc55539ce9) Importer(815301076,1909f56bfc062723c751e8b465ee728b)  -> (artifact id: '34a5d058777da65585ecdb138369a7cf') in 0.019529 seconds
Number of updated asset objects reloaded before import = 0
Number of asset objects unloaded after import = 2
========================================================================
Received Import Request.
  Time since last request: 0.000021 seconds.
  path: Assets/Scenes/JP_School library/Texture/book04_3_1.tga
  artifactKey: Guid(88797d431708a924cbd495c5f6dd6e63) Importer(815301076,1909f56bfc062723c751e8b465ee728b)
Start importing Assets/Scenes/JP_School library/Texture/book04_3_1.tga using Guid(88797d431708a924cbd495c5f6dd6e63) Importer(815301076,1909f56bfc062723c751e8b465ee728b)  -> (artifact id: 'd3490c0eb288540dc7e6b3b608c23f0a') in 0.017064 seconds
Number of updated asset objects reloaded before import = 0
Number of asset objects unloaded after import = 2
========================================================================
Received Import Request.
  Time since last request: 0.020542 seconds.
  path: Assets/Scenes/JP_School library/Texture/book04_3_samp.tga
  artifactKey: Guid(349c963c40cc458499326f21723c1bb3) Importer(815301076,1909f56bfc062723c751e8b465ee728b)
Start importing Assets/Scenes/JP_School library/Texture/book04_3_samp.tga using Guid(349c963c40cc458499326f21723c1bb3) Importer(815301076,1909f56bfc062723c751e8b465ee728b)  -> (artifact id: '81006d549bca93dbae753b6344cdeb85') in 0.018091 seconds
Number of updated asset objects reloaded before import = 0
Number of asset objects unloaded after import = 2
========================================================================
Received Import Request.
  Time since last request: 0.000024 seconds.
  path: Assets/Scenes/JP_School library/Texture/book04_4_2.tga
  artifactKey: Guid(cba31260669b0f54888ca4c361169c6c) Importer(815301076,1909f56bfc062723c751e8b465ee728b)
Start importing Assets/Scenes/JP_School library/Texture/book04_4_2.tga using Guid(cba31260669b0f54888ca4c361169c6c) Importer(815301076,1909f56bfc062723c751e8b465ee728b)  -> (artifact id: '2a40c690776d2a55a44ce8cd37572e2b') in 0.033447 seconds
Number of updated asset objects reloaded before import = 0
Number of asset objects unloaded after import = 2
========================================================================
Received Import Request.
  Time since last request: 0.000020 seconds.
  path: Assets/Scenes/JP_School library/Texture/book04_4_1.tga
  artifactKey: Guid(c1c376900a790f049945b190e7337bdb) Importer(815301076,1909f56bfc062723c751e8b465ee728b)
Start importing Assets/Scenes/JP_School library/Texture/book04_4_1.tga using Guid(c1c376900a790f049945b190e7337bdb) Importer(815301076,1909f56bfc062723c751e8b465ee728b)  -> (artifact id: 'fbcaa67bee917d46eddb04994c68174b') in 0.018048 seconds
Number of updated asset objects reloaded before import = 0
Number of asset objects unloaded after import = 2
========================================================================
Received Import Request.
  Time since last request: 0.004504 seconds.
  path: Assets/Scenes/JP_School library/Texture/book04_5_samp.tga
  artifactKey: Guid(0b4195c4e6546bf4abcbf3fab609d3e1) Importer(815301076,1909f56bfc062723c751e8b465ee728b)
Start importing Assets/Scenes/JP_School library/Texture/book04_5_samp.tga using Guid(0b4195c4e6546bf4abcbf3fab609d3e1) Importer(815301076,1909f56bfc062723c751e8b465ee728b)  -> (artifact id: '0b95cdce2463be0c3f3047aac7c869d6') in 0.019858 seconds
Number of updated asset objects reloaded before import = 0
Number of asset objects unloaded after import = 2
========================================================================
Received Import Request.
  Time since last request: 0.264042 seconds.
  path: Assets/Scenes/JP_School library/Texture/book04_6_samp.tga
  artifactKey: Guid(8de9805a77e13a144bc9252228acbc43) Importer(815301076,1909f56bfc062723c751e8b465ee728b)
Start importing Assets/Scenes/JP_School library/Texture/book04_6_samp.tga using Guid(8de9805a77e13a144bc9252228acbc43) Importer(815301076,1909f56bfc062723c751e8b465ee728b)  -> (artifact id: '4ec7b462cc5a38a4edd1b9e6eac8c2bf') in 0.019118 seconds
Number of updated asset objects reloaded before import = 0
Number of asset objects unloaded after import = 2
========================================================================
Received Import Request.
  Time since last request: 0.029444 seconds.
  path: Assets/Scenes/JP_School library/Texture/book04_7_samp.tga
  artifactKey: Guid(80544823ebfa15046b3cdede63d11e19) Importer(815301076,1909f56bfc062723c751e8b465ee728b)
Start importing Assets/Scenes/JP_School library/Texture/book04_7_samp.tga using Guid(80544823ebfa15046b3cdede63d11e19) Importer(815301076,1909f56bfc062723c751e8b465ee728b)  -> (artifact id: '434946dc4f0a5e497560b9dd79f71f3f') in 0.026260 seconds
Number of updated asset objects reloaded before import = 0
Number of asset objects unloaded after import = 2
========================================================================
Received Import Request.
  Time since last request: 0.000033 seconds.
  path: Assets/Scenes/JP_School library/Texture/book04_8_1.tga
  artifactKey: Guid(a7382c294344b8741b13ce4bb8dbe2e9) Importer(815301076,1909f56bfc062723c751e8b465ee728b)
Start importing Assets/Scenes/JP_School library/Texture/book04_8_1.tga using Guid(a7382c294344b8741b13ce4bb8dbe2e9) Importer(815301076,1909f56bfc062723c751e8b465ee728b)  -> (artifact id: '5e619d326ce12d333ff1058bba2e4701') in 0.021496 seconds
Number of updated asset objects reloaded before import = 0
Number of asset objects unloaded after import = 2
========================================================================
Received Import Request.
  Time since last request: 0.000023 seconds.
  path: Assets/Scenes/JP_School library/Texture/book04_9_1.tga
  artifactKey: Guid(4de67f3047c1548458a2996a3e8cb88d) Importer(815301076,1909f56bfc062723c751e8b465ee728b)
Start importing Assets/Scenes/JP_School library/Texture/book04_9_1.tga using Guid(4de67f3047c1548458a2996a3e8cb88d) Importer(815301076,1909f56bfc062723c751e8b465ee728b)  -> (artifact id: '20035e2403879a7aac787223abf0a113') in 0.018785 seconds
Number of updated asset objects reloaded before import = 0
Number of asset objects unloaded after import = 2
========================================================================
Received Import Request.
  Time since last request: 0.000909 seconds.
  path: Assets/Scenes/JP_School library/Texture/book04_9_2.tga
  artifactKey: Guid(5d5613e7ddfa967489b1d3ad7e669f50) Importer(815301076,1909f56bfc062723c751e8b465ee728b)
Start importing Assets/Scenes/JP_School library/Texture/book04_9_2.tga using Guid(5d5613e7ddfa967489b1d3ad7e669f50) Importer(815301076,1909f56bfc062723c751e8b465ee728b)  -> (artifact id: '0acd49b76169bd9e99757dc63738767e') in 0.020576 seconds
Number of updated asset objects reloaded before import = 0
Number of asset objects unloaded after import = 2
========================================================================
Received Import Request.
  Time since last request: 0.000024 seconds.
  path: Assets/Scenes/JP_School library/Texture/book04_9_samp.tga
  artifactKey: Guid(c10da879ae1924b4d965a79f8ac22c1c) Importer(815301076,1909f56bfc062723c751e8b465ee728b)
Start importing Assets/Scenes/JP_School library/Texture/book04_9_samp.tga using Guid(c10da879ae1924b4d965a79f8ac22c1c) Importer(815301076,1909f56bfc062723c751e8b465ee728b)  -> (artifact id: 'e1931dc74b4f68149e7ed3fec88f5f08') in 0.020215 seconds
Number of updated asset objects reloaded before import = 0
Number of asset objects unloaded after import = 2
========================================================================
Received Import Request.
  Time since last request: 0.274719 seconds.
  path: Assets/Scenes/JP_School library/Texture/book04_10_samp.tga
  artifactKey: Guid(71d05f66be0ff9246a3386f2224940f1) Importer(815301076,1909f56bfc062723c751e8b465ee728b)
Start importing Assets/Scenes/JP_School library/Texture/book04_10_samp.tga using Guid(71d05f66be0ff9246a3386f2224940f1) Importer(815301076,1909f56bfc062723c751e8b465ee728b)  -> (artifact id: '22463e66fc9e4abd4e891f51b5d765f6') in 0.020187 seconds
Number of updated asset objects reloaded before import = 0
Number of asset objects unloaded after import = 2
========================================================================
Received Import Request.
  Time since last request: 0.000029 seconds.
  path: Assets/Scenes/JP_School library/Texture/book04_11_samp.tga
  artifactKey: Guid(94c4ef0d1061e7f43b80f5faf1f0b55a) Importer(815301076,1909f56bfc062723c751e8b465ee728b)
Start importing Assets/Scenes/JP_School library/Texture/book04_11_samp.tga using Guid(94c4ef0d1061e7f43b80f5faf1f0b55a) Importer(815301076,1909f56bfc062723c751e8b465ee728b)  -> (artifact id: '5432c4479dd26008d8dcf82be0c149f7') in 0.020954 seconds
Number of updated asset objects reloaded before import = 0
Number of asset objects unloaded after import = 2
========================================================================
Received Import Request.
  Time since last request: 0.000018 seconds.
  path: Assets/Scenes/JP_School library/Texture/book04_11_1.tga
  artifactKey: Guid(c6d1a8a07b7ae8c41aeea79815809b6a) Importer(815301076,1909f56bfc062723c751e8b465ee728b)
Start importing Assets/Scenes/JP_School library/Texture/book04_11_1.tga using Guid(c6d1a8a07b7ae8c41aeea79815809b6a) Importer(815301076,1909f56bfc062723c751e8b465ee728b)  -> (artifact id: '23554f4df93c53673a9eadea28a21d8e') in 0.019311 seconds
Number of updated asset objects reloaded before import = 0
Number of asset objects unloaded after import = 2
========================================================================
Received Import Request.
  Time since last request: 0.017642 seconds.
  path: Assets/Scenes/JP_School library/Texture/book04_12_samp.tga
  artifactKey: Guid(20e67fe36bd73d845a767b260ddaed93) Importer(815301076,1909f56bfc062723c751e8b465ee728b)
Start importing Assets/Scenes/JP_School library/Texture/book04_12_samp.tga using Guid(20e67fe36bd73d845a767b260ddaed93) Importer(815301076,1909f56bfc062723c751e8b465ee728b)  -> (artifact id: 'af57c2ab61e800e02c6e3e0587f01192') in 0.018857 seconds
Number of updated asset objects reloaded before import = 0
Number of asset objects unloaded after import = 2
========================================================================
Received Import Request.
  Time since last request: 0.000018 seconds.
  path: Assets/Scenes/JP_School library/Texture/card case01_NRM.png
  artifactKey: Guid(54b0b0e53f2ba0c43989cf5de5118a95) Importer(815301076,1909f56bfc062723c751e8b465ee728b)
Start importing Assets/Scenes/JP_School library/Texture/card case01_NRM.png using Guid(54b0b0e53f2ba0c43989cf5de5118a95) Importer(815301076,1909f56bfc062723c751e8b465ee728b)  -> (artifact id: 'd6f7203a3630e56de087fb16bbd6aa18') in 0.020667 seconds
Number of updated asset objects reloaded before import = 0
Number of asset objects unloaded after import = 2
========================================================================
Received Import Request.
  Time since last request: 0.000021 seconds.
  path: Assets/Scenes/JP_School library/Texture/card case01.tga
  artifactKey: Guid(c1f29ebc0e2f13a499a7a5411bcc1ee1) Importer(815301076,1909f56bfc062723c751e8b465ee728b)
Start importing Assets/Scenes/JP_School library/Texture/card case01.tga using Guid(c1f29ebc0e2f13a499a7a5411bcc1ee1) Importer(815301076,1909f56bfc062723c751e8b465ee728b)  -> (artifact id: 'af8a21c3328a28237a625cedab829169') in 0.019492 seconds
Number of updated asset objects reloaded before import = 0
Number of asset objects unloaded after import = 2
========================================================================
Received Import Request.
  Time since last request: 0.012636 seconds.
  path: Assets/Scenes/JP_School library/Texture/ceiling lights01_ILM.tga
  artifactKey: Guid(6801fb5ae434e9f43bae511a6e5b9539) Importer(815301076,1909f56bfc062723c751e8b465ee728b)
Start importing Assets/Scenes/JP_School library/Texture/ceiling lights01_ILM.tga using Guid(6801fb5ae434e9f43bae511a6e5b9539) Importer(815301076,1909f56bfc062723c751e8b465ee728b)  -> (artifact id: 'f89bb5a62fa842dfb3ee32ded1aa1725') in 0.019848 seconds
Number of updated asset objects reloaded before import = 0
Number of asset objects unloaded after import = 2
========================================================================
Received Import Request.
  Time since last request: 0.000021 seconds.
  path: Assets/Scenes/JP_School library/Texture/ceiling lights01_NRM.png
  artifactKey: Guid(38c4dc71bcebfe34eb2bd8851ddfe0ca) Importer(815301076,1909f56bfc062723c751e8b465ee728b)
Start importing Assets/Scenes/JP_School library/Texture/ceiling lights01_NRM.png using Guid(38c4dc71bcebfe34eb2bd8851ddfe0ca) Importer(815301076,1909f56bfc062723c751e8b465ee728b)  -> (artifact id: '722eb6ff290d5084ed94bff4ee18d231') in 0.020581 seconds
Number of updated asset objects reloaded before import = 0
Number of asset objects unloaded after import = 2
========================================================================
Received Import Request.
  Time since last request: 0.222318 seconds.
  path: Assets/Scenes/JP_School library/Texture/chair01_2.tga
  artifactKey: Guid(c10afc5cf1bfce44690d1b2420ef734a) Importer(815301076,1909f56bfc062723c751e8b465ee728b)
Start importing Assets/Scenes/JP_School library/Texture/chair01_2.tga using Guid(c10afc5cf1bfce44690d1b2420ef734a) Importer(815301076,1909f56bfc062723c751e8b465ee728b)  -> (artifact id: 'c53b79112a6039162ec9c0d78c6769ac') in 0.019069 seconds
Number of updated asset objects reloaded before import = 0
Number of asset objects unloaded after import = 2
========================================================================
Received Import Request.
  Time since last request: 0.021211 seconds.
  path: Assets/Scenes/JP_School library/Texture/counter01.tga
  artifactKey: Guid(fe4562cdcd6fd024097e2fbdd7ccae66) Importer(815301076,1909f56bfc062723c751e8b465ee728b)
Start importing Assets/Scenes/JP_School library/Texture/counter01.tga using Guid(fe4562cdcd6fd024097e2fbdd7ccae66) Importer(815301076,1909f56bfc062723c751e8b465ee728b)  -> (artifact id: 'd56cfa7f37ac39c8d9dcf76df1ff8a18') in 0.020268 seconds
Number of updated asset objects reloaded before import = 0
Number of asset objects unloaded after import = 2
========================================================================
Received Import Request.
  Time since last request: 0.000018 seconds.
  path: Assets/Scenes/JP_School library/Texture/door01_NRM.png
  artifactKey: Guid(8ed9c19d21fc67240bfadb36e069908e) Importer(815301076,1909f56bfc062723c751e8b465ee728b)
Start importing Assets/Scenes/JP_School library/Texture/door01_NRM.png using Guid(8ed9c19d21fc67240bfadb36e069908e) Importer(815301076,1909f56bfc062723c751e8b465ee728b)  -> (artifact id: 'cdef7e541cde71b6f95c202cf130bd05') in 0.019730 seconds
Number of updated asset objects reloaded before import = 0
Number of asset objects unloaded after import = 2
========================================================================
Received Import Request.
  Time since last request: 0.000018 seconds.
  path: Assets/Scenes/JP_School library/Texture/door01.tga
  artifactKey: Guid(9f7d3f6fd4d4c034cb340816ac84bf59) Importer(815301076,1909f56bfc062723c751e8b465ee728b)
Start importing Assets/Scenes/JP_School library/Texture/door01.tga using Guid(9f7d3f6fd4d4c034cb340816ac84bf59) Importer(815301076,1909f56bfc062723c751e8b465ee728b)  -> (artifact id: '7e883260b353270b18c4c7f1a8f59882') in 0.020286 seconds
Number of updated asset objects reloaded before import = 0
Number of asset objects unloaded after import = 2
========================================================================
Received Import Request.
  Time since last request: 0.001664 seconds.
  path: Assets/Scenes/JP_School library/Texture/dummy01_sample.tga
  artifactKey: Guid(ba574477f60674b44bd989fe4842df89) Importer(815301076,1909f56bfc062723c751e8b465ee728b)
Start importing Assets/Scenes/JP_School library/Texture/dummy01_sample.tga using Guid(ba574477f60674b44bd989fe4842df89) Importer(815301076,1909f56bfc062723c751e8b465ee728b)  -> (artifact id: 'ca23b48eeae8bc0039f9f7f375f49838') in 0.019486 seconds
Number of updated asset objects reloaded before import = 0
Number of asset objects unloaded after import = 2
========================================================================
Received Import Request.
  Time since last request: 0.276203 seconds.
  path: Assets/Scenes/JP_School library/Texture/glass01.tga
  artifactKey: Guid(4ecf3cf816993724a9be2d9bb9356232) Importer(815301076,1909f56bfc062723c751e8b465ee728b)
Start importing Assets/Scenes/JP_School library/Texture/glass01.tga using Guid(4ecf3cf816993724a9be2d9bb9356232) Importer(815301076,1909f56bfc062723c751e8b465ee728b)  -> (artifact id: '747f45fa04bfa693ac81d858634fcffd') in 0.018628 seconds
Number of updated asset objects reloaded before import = 0
Number of asset objects unloaded after import = 2
========================================================================
Received Import Request.
  Time since last request: 0.029521 seconds.
  path: Assets/Scenes/JP_School library/Texture/library card01_2.png
  artifactKey: Guid(342709ff34adfec46b65f139cdafce2d) Importer(815301076,1909f56bfc062723c751e8b465ee728b)
Start importing Assets/Scenes/JP_School library/Texture/library card01_2.png using Guid(342709ff34adfec46b65f139cdafce2d) Importer(815301076,1909f56bfc062723c751e8b465ee728b)  -> (artifact id: 'f52c4b5f99f7aca41870dec2d37d3852') in 0.019665 seconds
Number of updated asset objects reloaded before import = 0
Number of asset objects unloaded after import = 2
========================================================================
Received Import Request.
  Time since last request: 0.000018 seconds.
  path: Assets/Scenes/JP_School library/Texture/library card01_NRM.png
  artifactKey: Guid(233ae6d2663ee934f98e8c83bdf1ba2a) Importer(815301076,1909f56bfc062723c751e8b465ee728b)
Start importing Assets/Scenes/JP_School library/Texture/library card01_NRM.png using Guid(233ae6d2663ee934f98e8c83bdf1ba2a) Importer(815301076,1909f56bfc062723c751e8b465ee728b)  -> (artifact id: 'c26d5ecb4456bc6a28e6f2df116eb01d') in 0.022085 seconds
Number of updated asset objects reloaded before import = 0
Number of asset objects unloaded after import = 2
========================================================================
Received Import Request.
  Time since last request: 0.000018 seconds.
  path: Assets/Scenes/JP_School library/Texture/notice board01_2.tga
  artifactKey: Guid(12100e1a1422b1d439482b6699856ee7) Importer(815301076,1909f56bfc062723c751e8b465ee728b)
Start importing Assets/Scenes/JP_School library/Texture/notice board01_2.tga using Guid(12100e1a1422b1d439482b6699856ee7) Importer(815301076,1909f56bfc062723c751e8b465ee728b)  -> (artifact id: '77d2df9d84eb9f761829e2b8096ed286') in 0.021397 seconds
Number of updated asset objects reloaded before import = 0
Number of asset objects unloaded after import = 2
========================================================================
Received Import Request.
  Time since last request: 0.000024 seconds.
  path: Assets/Scenes/JP_School library/Texture/notice board01_NRM.png
  artifactKey: Guid(0d836c2e365c4964e909b65f358d8e68) Importer(815301076,1909f56bfc062723c751e8b465ee728b)
Start importing Assets/Scenes/JP_School library/Texture/notice board01_NRM.png using Guid(0d836c2e365c4964e909b65f358d8e68) Importer(815301076,1909f56bfc062723c751e8b465ee728b)  -> (artifact id: '26b2a63364159af780e006924bf46054') in 0.020125 seconds
Number of updated asset objects reloaded before import = 0
Number of asset objects unloaded after import = 2
========================================================================
Received Import Request.
  Time since last request: 0.000021 seconds.
  path: Assets/Scenes/JP_School library/Texture/plant01_plant.tga
  artifactKey: Guid(d45605b27cfffff49b26f1eae908d8cd) Importer(815301076,1909f56bfc062723c751e8b465ee728b)
Start importing Assets/Scenes/JP_School library/Texture/plant01_plant.tga using Guid(d45605b27cfffff49b26f1eae908d8cd) Importer(815301076,1909f56bfc062723c751e8b465ee728b)  -> (artifact id: '6753e4d9f233e0497f76cc2356f7c5f3') in 0.020527 seconds
Number of updated asset objects reloaded before import = 0
Number of asset objects unloaded after import = 2
========================================================================
Received Import Request.
  Time since last request: 0.000021 seconds.
  path: Assets/Scenes/JP_School library/Texture/plant01_pot3.tga
  artifactKey: Guid(350922194c8320b4491fad0c951d2942) Importer(815301076,1909f56bfc062723c751e8b465ee728b)
Start importing Assets/Scenes/JP_School library/Texture/plant01_pot3.tga using Guid(350922194c8320b4491fad0c951d2942) Importer(815301076,1909f56bfc062723c751e8b465ee728b)  -> (artifact id: '58c7a65da5e81cf4d227c2f39dfaa04c') in 0.019943 seconds
Number of updated asset objects reloaded before import = 0
Number of asset objects unloaded after import = 2
========================================================================
Received Import Request.
  Time since last request: 0.778848 seconds.
  path: Assets/Scenes/JP_School library/Texture/shelf01_NRM.png
  artifactKey: Guid(ed5aa2d53533ce24397c2031e590ada4) Importer(815301076,1909f56bfc062723c751e8b465ee728b)
Start importing Assets/Scenes/JP_School library/Texture/shelf01_NRM.png using Guid(ed5aa2d53533ce24397c2031e590ada4) Importer(815301076,1909f56bfc062723c751e8b465ee728b)  -> (artifact id: '5886b5851ba16a62737f1cdb4aefe4c3') in 0.022548 seconds
Number of updated asset objects reloaded before import = 0
Number of asset objects unloaded after import = 2
========================================================================
Received Import Request.
  Time since last request: 0.743729 seconds.
  path: Assets/Scenes/JP_School library/Texture/sign01.png
  artifactKey: Guid(bd33951d58c34b445bcba9c2f70953af) Importer(815301076,1909f56bfc062723c751e8b465ee728b)
Start importing Assets/Scenes/JP_School library/Texture/sign01.png using Guid(bd33951d58c34b445bcba9c2f70953af) Importer(815301076,1909f56bfc062723c751e8b465ee728b)  -> (artifact id: '9c557de90f291ba3c2549ce960cc19ef') in 0.033460 seconds
Number of updated asset objects reloaded before import = 0
Number of asset objects unloaded after import = 2
========================================================================
Received Import Request.
  Time since last request: 0.560485 seconds.
  path: Assets/Scenes/JP_School library/Texture/step01.tga
  artifactKey: Guid(ec6ef851723454f41a051f22d23a5ed0) Importer(815301076,1909f56bfc062723c751e8b465ee728b)
Start importing Assets/Scenes/JP_School library/Texture/step01.tga using Guid(ec6ef851723454f41a051f22d23a5ed0) Importer(815301076,1909f56bfc062723c751e8b465ee728b)  -> (artifact id: '29b0e3ef625586123d04348e5b14601e') in 0.033538 seconds
Number of updated asset objects reloaded before import = 0
Number of asset objects unloaded after import = 2
========================================================================
Received Import Request.
  Time since last request: 0.052969 seconds.
  path: Assets/Scenes/JP_School library/Texture/table01_NRM.png
  artifactKey: Guid(0326726b1610b314d9bad4c3f5d232b8) Importer(815301076,1909f56bfc062723c751e8b465ee728b)
Start importing Assets/Scenes/JP_School library/Texture/table01_NRM.png using Guid(0326726b1610b314d9bad4c3f5d232b8) Importer(815301076,1909f56bfc062723c751e8b465ee728b)  -> (artifact id: '8d826ad93673e39b7513845d6e6b8864') in 0.038557 seconds
Number of updated asset objects reloaded before import = 0
Number of asset objects unloaded after import = 2
========================================================================
Received Import Request.
  Time since last request: 0.713972 seconds.
  path: Assets/Scenes/JP_School library/Texture/wall01.png
  artifactKey: Guid(f499d57773116f04a9b5d510b3920805) Importer(815301076,1909f56bfc062723c751e8b465ee728b)
Start importing Assets/Scenes/JP_School library/Texture/wall01.png using Guid(f499d57773116f04a9b5d510b3920805) Importer(815301076,1909f56bfc062723c751e8b465ee728b)  -> (artifact id: 'ac8abdb78ebb2ba250d1440e9ee08a45') in 0.019575 seconds
Number of updated asset objects reloaded before import = 0
Number of asset objects unloaded after import = 2
========================================================================
Received Import Request.
  Time since last request: 0.022553 seconds.
  path: Assets/Scenes/JP_School library/Texture/window01.tga
  artifactKey: Guid(bc16d1c9b4603bc46b10432d38d19d71) Importer(815301076,1909f56bfc062723c751e8b465ee728b)
Start importing Assets/Scenes/JP_School library/Texture/window01.tga using Guid(bc16d1c9b4603bc46b10432d38d19d71) Importer(815301076,1909f56bfc062723c751e8b465ee728b)  -> (artifact id: '5d69a6b0654196c12a9591d6e186fc4a') in 0.018882 seconds
Number of updated asset objects reloaded before import = 0
Number of asset objects unloaded after import = 2
========================================================================
Received Prepare
Begin MonoManager ReloadAssembly
- Loaded All Assemblies, in  0.477 seconds
Refreshing native plugins compatible for Editor in 3.46 ms, found 3 plugins.
Native extension for WindowsStandalone target not found
[Package Manager] Server::EnsureServerProcessIsRunning -- launch failed, reason: Unity was launched with the -noUpm command-line argument
[Package Manager] UpmClient::Send -- Unable to send message (not connected to UPM process).
[Package Manager] Cannot connect to Unity Package Manager local server
Mono: successfully reloaded assembly
- Finished resetting the current domain, in  0.876 seconds
Domain Reload Profiling: 1349ms
	BeginReloadAssembly (167ms)
		ExecutionOrderSort (0ms)
		DisableScriptedObjects (8ms)
		BackupInstance (0ms)
		ReleaseScriptingObjects (0ms)
		CreateAndSetChildDomain (37ms)
	RebuildCommonClasses (29ms)
	RebuildNativeTypeToScriptingClass (10ms)
	initialDomainReloadingComplete (33ms)
	LoadAllAssembliesAndSetupDomain (233ms)
		LoadAssemblies (310ms)
		RebuildTransferFunctionScriptingTraits (0ms)
		AnalyzeDomain (12ms)
			TypeCache.Refresh (6ms)
				TypeCache.ScanAssembly (0ms)
			ScanForSourceGeneratedMonoScriptInfo (0ms)
			ResolveRequiredComponents (4ms)
	FinalizeReload (877ms)
		ReleaseScriptCaches (0ms)
		RebuildScriptCaches (0ms)
		SetupLoadedEditorAssemblies (412ms)
			LogAssemblyErrors (0ms)
			InitializePlatformSupportModulesInManaged (7ms)
			SetLoadedEditorAssemblies (3ms)
			RefreshPlugins (0ms)
			BeforeProcessingInitializeOnLoad (60ms)
			ProcessInitializeOnLoadAttributes (305ms)
			ProcessInitializeOnLoadMethodAttributes (22ms)
			AfterProcessingInitializeOnLoad (14ms)
			EditorAssembliesLoaded (0ms)
		ExecutionOrderSort2 (0ms)
		AwakeInstancesAfterBackupRestoration (8ms)
Refreshing native plugins compatible for Editor in 4.58 ms, found 3 plugins.
Preloading 0 native plugins for Editor in 0.00 ms.
Unloading 3113 Unused Serialized files (Serialized files now loaded: 0)
Unloading 23 unused Assets / (31.1 KB). Loaded Objects now: 3639.
Memory consumption went from 147.8 MB to 147.8 MB.
Total: 3.371200 ms (FindLiveObjects: 0.288900 ms CreateObjectMapping: 0.096900 ms MarkObjects: 2.926000 ms  DeleteObjects: 0.058100 ms)

Prepare: number of updated asset objects reloaded= 0
AssetImportParameters requested are different than current active one (requested -> active):
  custom:container-demuxer-ogg: 62fdf1f143b41e24485cea50d1cbac27 -> 
  custom:video-decoder-ogg-theora: a1e56fd34408186e4bbccfd4996cb3dc -> 
  custom:framework-win-MediaFoundation: 216162199b28c13a410421893ffa2e32 -> 
  custom:CustomObjectIndexerAttribute: 43b350a4d6e6d1791af0b5038c4bea17 -> 
  custom:container-demuxer-webm: 4f35f7cbe854078d1ac9338744f61a02 -> 
  custom:container-muxer-webm: aa71ff27fc2769a1b78a27578f13a17b -> 
  custom:video-decoder-webm-vp8: 9c59270c3fd7afecdb556c50c9e8de78 -> 
  custom:SearchIndexIgnoredProperties: e643bd26f0fe6173181afceb89e7c659 -> 
  custom:AudioImporter_EditorPlatform: d09bf68614088b80899f8185d706f6e7 -> 
  custom:video-encoder-webm-vp8: eb34c28f22e8b96e1ab97ce403110664 -> 
  custom:audio-decoder-ogg-vorbis: bf7c407c2cedff20999df2af8eb42d56 -> 
  custom:audio-encoder-webm-vorbis: bf7c407c2cedff20999df2af8eb42d56 -> 
Editor requested this worker to shutdown with reason: Scaling down because of idle timeout
TcpMessagingSession - receive error: operation aborted. errorcode: 995, details:  I/O 
AssetImportWorker is now disconnected from the server
Process exiting
Exiting without the bug reporter. Application will terminate with return code 0