Using pre-set license
Built from '2022.3/china_unity/release' branch; Version is '2022.3.16f1c1 (2f3f1b3bde89) revision 3096347'; Using compiler version '192829333'; Build Type 'Release'
OS: 'Windows 10  (10.0.19045) 64bit Education' Language: 'zh' Physical Memory: 15716 MB
BatchMode: 1, IsHumanControllingUs: 0, StartBugReporterOnCrash: 0, Is64bit: 1, IsPro: 1

COMMAND LINE ARGUMENTS:
C:\Program Files\Unity\Hub\Editor\2022.3.16f1c1\Editor\Unity.exe
-adb2
-batchMode
-noUpm
-name
AssetImportWorker6
-projectPath
D:/TheGreatLearning5/Software_design/THU-escaping
-logFile
Logs/AssetImportWorker6.log
-srvPort
64166
Successfully changed project path to: D:/TheGreatLearning5/Software_design/THU-escaping
D:/TheGreatLearning5/Software_design/THU-escaping
[UnityMemory] Configuration Parameters - Can be set up in boot.config
    "memorysetup-bucket-allocator-granularity=16"
    "memorysetup-bucket-allocator-bucket-count=8"
    "memorysetup-bucket-allocator-block-size=33554432"
    "memorysetup-bucket-allocator-block-count=8"
    "memorysetup-main-allocator-block-size=16777216"
    "memorysetup-thread-allocator-block-size=16777216"
    "memorysetup-gfx-main-allocator-block-size=16777216"
    "memorysetup-gfx-thread-allocator-block-size=16777216"
    "memorysetup-cache-allocator-block-size=4194304"
    "memorysetup-typetree-allocator-block-size=2097152"
    "memorysetup-profiler-bucket-allocator-granularity=16"
    "memorysetup-profiler-bucket-allocator-bucket-count=8"
    "memorysetup-profiler-bucket-allocator-block-size=33554432"
    "memorysetup-profiler-bucket-allocator-block-count=8"
    "memorysetup-profiler-allocator-block-size=16777216"
    "memorysetup-profiler-editor-allocator-block-size=1048576"
    "memorysetup-temp-allocator-size-main=16777216"
    "memorysetup-job-temp-allocator-block-size=2097152"
    "memorysetup-job-temp-allocator-block-size-background=1048576"
    "memorysetup-job-temp-allocator-reduction-small-platforms=262144"
    "memorysetup-allocator-temp-initial-block-size-main=262144"
    "memorysetup-allocator-temp-initial-block-size-worker=262144"
    "memorysetup-temp-allocator-size-background-worker=32768"
    "memorysetup-temp-allocator-size-job-worker=262144"
    "memorysetup-temp-allocator-size-preload-manager=33554432"
    "memorysetup-temp-allocator-size-nav-mesh-worker=65536"
    "memorysetup-temp-allocator-size-audio-worker=65536"
    "memorysetup-temp-allocator-size-cloud-worker=32768"
    "memorysetup-temp-allocator-size-gi-baking-worker=262144"
    "memorysetup-temp-allocator-size-gfx=262144"
Player connection [16648] Host "[IP] 169.254.132.0 [Port] 0 [Flags] 2 [Guid] 1606605922 [EditorId] 1606605922 [Version] 1048832 [Id] WindowsEditor(7,DESKTOP-UF9109I) [Debug] 1 [PackageName] WindowsEditor [ProjectName] Editor" joined multi-casting on [225.0.0.222:54997]...

Player connection [16648] Host "[IP] 169.254.132.0 [Port] 0 [Flags] 2 [Guid] 1606605922 [EditorId] 1606605922 [Version] 1048832 [Id] WindowsEditor(7,DESKTOP-UF9109I) [Debug] 1 [PackageName] WindowsEditor [ProjectName] Editor" joined alternative multi-casting on [225.0.0.222:34997]...

[Physics::Module] Initialized MultithreadedJobDispatcher with 15 workers.
Refreshing native plugins compatible for Editor in 13.59 ms, found 3 plugins.
Preloading 0 native plugins for Editor in 0.00 ms.
Initialize engine version: 2022.3.16f1c1 (2f3f1b3bde89)
[Subsystems] Discovering subsystems at path C:/Program Files/Unity/Hub/Editor/2022.3.16f1c1/Editor/Data/Resources/UnitySubsystems
[Subsystems] Discovering subsystems at path D:/TheGreatLearning5/Software_design/THU-escaping/Assets
GfxDevice: creating device client; threaded=0; jobified=0
Direct3D:
    Version:  Direct3D 11.0 [level 11.1]
    Renderer: NVIDIA T600 Laptop GPU (ID=0x1fba)
    Vendor:   NVIDIA
    VRAM:     3950 MB
    Driver:   31.0.15.4626
Initialize mono
Mono path[0] = 'C:/Program Files/Unity/Hub/Editor/2022.3.16f1c1/Editor/Data/Managed'
Mono path[1] = 'C:/Program Files/Unity/Hub/Editor/2022.3.16f1c1/Editor/Data/MonoBleedingEdge/lib/mono/unityjit-win32'
Mono config path = 'C:/Program Files/Unity/Hub/Editor/2022.3.16f1c1/Editor/Data/MonoBleedingEdge/etc'
Using monoOptions --debugger-agent=transport=dt_socket,embedding=1,server=y,suspend=n,address=127.0.0.1:56240
Begin MonoManager ReloadAssembly
Registering precompiled unity dll's ...
Register platform support module: C:/Program Files/Unity/Hub/Editor/2022.3.16f1c1/Editor/Data/PlaybackEngines/WindowsStandaloneSupport/UnityEditor.WindowsStandalone.Extensions.dll
Registered in 0.010721 seconds.
- Loaded All Assemblies, in  0.352 seconds
Native extension for WindowsStandalone target not found
Mono: successfully reloaded assembly
- Finished resetting the current domain, in  0.260 seconds
Domain Reload Profiling: 608ms
	BeginReloadAssembly (115ms)
		ExecutionOrderSort (0ms)
		DisableScriptedObjects (0ms)
		BackupInstance (0ms)
		ReleaseScriptingObjects (0ms)
		CreateAndSetChildDomain (1ms)
	RebuildCommonClasses (35ms)
	RebuildNativeTypeToScriptingClass (10ms)
	initialDomainReloadingComplete (66ms)
	LoadAllAssembliesAndSetupDomain (122ms)
		LoadAssemblies (111ms)
		RebuildTransferFunctionScriptingTraits (0ms)
		AnalyzeDomain (120ms)
			TypeCache.Refresh (119ms)
				TypeCache.ScanAssembly (108ms)
			ScanForSourceGeneratedMonoScriptInfo (0ms)
			ResolveRequiredComponents (0ms)
	FinalizeReload (260ms)
		ReleaseScriptCaches (0ms)
		RebuildScriptCaches (0ms)
		SetupLoadedEditorAssemblies (205ms)
			LogAssemblyErrors (0ms)
			InitializePlatformSupportModulesInManaged (9ms)
			SetLoadedEditorAssemblies (7ms)
			RefreshPlugins (0ms)
			BeforeProcessingInitializeOnLoad (2ms)
			ProcessInitializeOnLoadAttributes (140ms)
			ProcessInitializeOnLoadMethodAttributes (46ms)
			AfterProcessingInitializeOnLoad (0ms)
			EditorAssembliesLoaded (0ms)
		ExecutionOrderSort2 (0ms)
		AwakeInstancesAfterBackupRestoration (0ms)
========================================================================
Worker process is ready to serve import requests
Begin MonoManager ReloadAssembly
- Loaded All Assemblies, in  0.559 seconds
Refreshing native plugins compatible for Editor in 2.95 ms, found 3 plugins.
Native extension for WindowsStandalone target not found
Package Manager log level set to [2]
[Package Manager] Server::EnsureServerProcessIsRunning -- launch failed, reason: Unity was launched with the -noUpm command-line argument
[Package Manager] UpmClient::Send -- Unable to send message (not connected to UPM process).
[Package Manager] Cannot connect to Unity Package Manager local server
Mono: successfully reloaded assembly
- Finished resetting the current domain, in  0.479 seconds
Domain Reload Profiling: 1034ms
	BeginReloadAssembly (150ms)
		ExecutionOrderSort (0ms)
		DisableScriptedObjects (5ms)
		BackupInstance (0ms)
		ReleaseScriptingObjects (0ms)
		CreateAndSetChildDomain (24ms)
	RebuildCommonClasses (30ms)
	RebuildNativeTypeToScriptingClass (9ms)
	initialDomainReloadingComplete (42ms)
	LoadAllAssembliesAndSetupDomain (323ms)
		LoadAssemblies (264ms)
		RebuildTransferFunctionScriptingTraits (0ms)
		AnalyzeDomain (145ms)
			TypeCache.Refresh (128ms)
				TypeCache.ScanAssembly (117ms)
			ScanForSourceGeneratedMonoScriptInfo (12ms)
			ResolveRequiredComponents (3ms)
	FinalizeReload (480ms)
		ReleaseScriptCaches (0ms)
		RebuildScriptCaches (0ms)
		SetupLoadedEditorAssemblies (359ms)
			LogAssemblyErrors (0ms)
			InitializePlatformSupportModulesInManaged (6ms)
			SetLoadedEditorAssemblies (3ms)
			RefreshPlugins (0ms)
			BeforeProcessingInitializeOnLoad (55ms)
			ProcessInitializeOnLoadAttributes (267ms)
			ProcessInitializeOnLoadMethodAttributes (17ms)
			AfterProcessingInitializeOnLoad (12ms)
			EditorAssembliesLoaded (0ms)
		ExecutionOrderSort2 (0ms)
		AwakeInstancesAfterBackupRestoration (6ms)
Launched and connected shader compiler UnityShaderCompiler.exe after 0.04 seconds
Refreshing native plugins compatible for Editor in 3.76 ms, found 3 plugins.
Preloading 0 native plugins for Editor in 0.00 ms.
Unloading 3134 Unused Serialized files (Serialized files now loaded: 0)
Unloading 32 unused Assets / (58.0 KB). Loaded Objects now: 3621.
Memory consumption went from 139.9 MB to 139.9 MB.
Total: 2.704600 ms (FindLiveObjects: 0.295000 ms CreateObjectMapping: 0.091100 ms MarkObjects: 2.184900 ms  DeleteObjects: 0.132500 ms)

AssetImportParameters requested are different than current active one (requested -> active):
  custom:container-demuxer-ogg: 62fdf1f143b41e24485cea50d1cbac27 -> 
  custom:video-decoder-ogg-theora: a1e56fd34408186e4bbccfd4996cb3dc -> 
  custom:framework-win-MediaFoundation: 216162199b28c13a410421893ffa2e32 -> 
  custom:CustomObjectIndexerAttribute: 43b350a4d6e6d1791af0b5038c4bea17 -> 
  custom:container-demuxer-webm: 4f35f7cbe854078d1ac9338744f61a02 -> 
  custom:container-muxer-webm: aa71ff27fc2769a1b78a27578f13a17b -> 
  custom:video-decoder-webm-vp8: 9c59270c3fd7afecdb556c50c9e8de78 -> 
  custom:SearchIndexIgnoredProperties: e643bd26f0fe6173181afceb89e7c659 -> 
  custom:AudioImporter_EditorPlatform: d09bf68614088b80899f8185d706f6e7 -> 
  custom:video-encoder-webm-vp8: eb34c28f22e8b96e1ab97ce403110664 -> 
  custom:audio-decoder-ogg-vorbis: bf7c407c2cedff20999df2af8eb42d56 -> 
  custom:audio-encoder-webm-vorbis: bf7c407c2cedff20999df2af8eb42d56 -> 
========================================================================
Received Import Request.
  Time since last request: 22528.251397 seconds.
  path: Assets/Scenes/JP_School library/Mesh/library card01_5.fbx
  artifactKey: Guid(9d6e9a5088efd214da6733bd0997a28b) Importer(815301076,1909f56bfc062723c751e8b465ee728b)
Start importing Assets/Scenes/JP_School library/Mesh/library card01_5.fbx using Guid(9d6e9a5088efd214da6733bd0997a28b) Importer(815301076,1909f56bfc062723c751e8b465ee728b)  -> (artifact id: 'dae17f1581f5267b81b0c807353e6cc8') in 0.127950 seconds
Number of updated asset objects reloaded before import = 0
Number of asset objects unloaded after import = 10
========================================================================
Received Import Request.
  Time since last request: 0.023681 seconds.
  path: Assets/Scenes/JP_School library/Mesh/library card01_2.fbx
  artifactKey: Guid(886475e0054c8ea42af1e8cd834fa456) Importer(815301076,1909f56bfc062723c751e8b465ee728b)
Start importing Assets/Scenes/JP_School library/Mesh/library card01_2.fbx using Guid(886475e0054c8ea42af1e8cd834fa456) Importer(815301076,1909f56bfc062723c751e8b465ee728b)  -> (artifact id: '253009fdbf38106636075e0ac0e9497c') in 0.017474 seconds
Number of updated asset objects reloaded before import = 0
Number of asset objects unloaded after import = 10
========================================================================
Received Import Request.
  Time since last request: 0.874571 seconds.
  path: Assets/Scenes/JP_School library/Mesh/dummy01_3.fbx
  artifactKey: Guid(59fcf2549b535154ebaba6ffc1d18172) Importer(815301076,1909f56bfc062723c751e8b465ee728b)
Start importing Assets/Scenes/JP_School library/Mesh/dummy01_3.fbx using Guid(59fcf2549b535154ebaba6ffc1d18172) Importer(815301076,1909f56bfc062723c751e8b465ee728b)  -> (artifact id: 'fb939560168babb6a127e3f6c5fbdd72') in 0.019921 seconds
Number of updated asset objects reloaded before import = 0
Number of asset objects unloaded after import = 10
========================================================================
Received Import Request.
  Time since last request: 0.136356 seconds.
  path: Assets/Scenes/JP_School library/Mesh/door01_2.fbx
  artifactKey: Guid(c48b72e627b270f47bf78fdbf3fe5f9e) Importer(815301076,1909f56bfc062723c751e8b465ee728b)
Start importing Assets/Scenes/JP_School library/Mesh/door01_2.fbx using Guid(c48b72e627b270f47bf78fdbf3fe5f9e) Importer(815301076,1909f56bfc062723c751e8b465ee728b)  -> (artifact id: '472a3f07811bdb2213c6d486cd24e10f') in 0.048354 seconds
Number of updated asset objects reloaded before import = 0
Number of asset objects unloaded after import = 24
========================================================================
Received Import Request.
  Time since last request: 0.388470 seconds.
  path: Assets/Scenes/JP_School library/Mesh/counter01_2.fbx
  artifactKey: Guid(941fd11ee73d6944dbd04a04f06c09bd) Importer(815301076,1909f56bfc062723c751e8b465ee728b)
Start importing Assets/Scenes/JP_School library/Mesh/counter01_2.fbx using Guid(941fd11ee73d6944dbd04a04f06c09bd) Importer(815301076,1909f56bfc062723c751e8b465ee728b)  -> (artifact id: 'ebdbb2e85b0f8bc82f7e7f06a6be19bf') in 0.029283 seconds
Number of updated asset objects reloaded before import = 0
Number of asset objects unloaded after import = 10
========================================================================
Received Import Request.
  Time since last request: 0.022812 seconds.
  path: Assets/Scenes/JP_School library/Mesh/chair01.fbx
  artifactKey: Guid(e2e756bb9bcd7bb47a018bcfce9bb98b) Importer(815301076,1909f56bfc062723c751e8b465ee728b)
Start importing Assets/Scenes/JP_School library/Mesh/chair01.fbx using Guid(e2e756bb9bcd7bb47a018bcfce9bb98b) Importer(815301076,1909f56bfc062723c751e8b465ee728b)  -> (artifact id: '5e31c46ec7b8cf044353233b5d1da7c9') in 0.019676 seconds
Number of updated asset objects reloaded before import = 0
Number of asset objects unloaded after import = 10
========================================================================
Received Import Request.
  Time since last request: 0.381834 seconds.
  path: Assets/Scenes/JP_School library/Mesh/bookend01.fbx
  artifactKey: Guid(3417e526aa222bc4eaf5104a88ab3ade) Importer(815301076,1909f56bfc062723c751e8b465ee728b)
Start importing Assets/Scenes/JP_School library/Mesh/bookend01.fbx using Guid(3417e526aa222bc4eaf5104a88ab3ade) Importer(815301076,1909f56bfc062723c751e8b465ee728b)  -> (artifact id: '5a7bfc8d102b5115f636db4f811715a6') in 0.017777 seconds
Number of updated asset objects reloaded before import = 0
Number of asset objects unloaded after import = 9
========================================================================
Received Import Request.
  Time since last request: 0.000024 seconds.
  path: Assets/Scenes/JP_School library/Mesh/book04_2L.fbx
  artifactKey: Guid(dbd0636773c638f468841a51b1201e78) Importer(815301076,1909f56bfc062723c751e8b465ee728b)
Start importing Assets/Scenes/JP_School library/Mesh/book04_2L.fbx using Guid(dbd0636773c638f468841a51b1201e78) Importer(815301076,1909f56bfc062723c751e8b465ee728b)  -> (artifact id: '388aede1b1b49d35e13c23d0f8b92f71') in 0.019231 seconds
Number of updated asset objects reloaded before import = 0
Number of asset objects unloaded after import = 10
========================================================================
Received Import Request.
  Time since last request: 0.023485 seconds.
  path: Assets/Scenes/JP_School library/Mesh/book04_1.fbx
  artifactKey: Guid(675eafd8c56a81d4c9d403d019a4e95b) Importer(815301076,1909f56bfc062723c751e8b465ee728b)
Start importing Assets/Scenes/JP_School library/Mesh/book04_1.fbx using Guid(675eafd8c56a81d4c9d403d019a4e95b) Importer(815301076,1909f56bfc062723c751e8b465ee728b)  -> (artifact id: '7daa63df65e4660a30e06472b9b0a1c8') in 0.019410 seconds
Number of updated asset objects reloaded before import = 0
Number of asset objects unloaded after import = 10
========================================================================
Received Import Request.
  Time since last request: 0.036731 seconds.
  path: Assets/Scenes/JP_School library/Mesh/book03_2L.fbx
  artifactKey: Guid(9b04b41be3a53fc49a856987d09d03c5) Importer(815301076,1909f56bfc062723c751e8b465ee728b)
Start importing Assets/Scenes/JP_School library/Mesh/book03_2L.fbx using Guid(9b04b41be3a53fc49a856987d09d03c5) Importer(815301076,1909f56bfc062723c751e8b465ee728b)  -> (artifact id: 'bed1f57ab392199c61cd8662882eff74') in 0.021570 seconds
Number of updated asset objects reloaded before import = 0
Number of asset objects unloaded after import = 10
========================================================================
Received Import Request.
  Time since last request: 0.396341 seconds.
  path: Assets/Scenes/JP_School library/Mesh/book03_1.fbx
  artifactKey: Guid(6e990249286b7d34a927aa9e6eacea70) Importer(815301076,1909f56bfc062723c751e8b465ee728b)
Start importing Assets/Scenes/JP_School library/Mesh/book03_1.fbx using Guid(6e990249286b7d34a927aa9e6eacea70) Importer(815301076,1909f56bfc062723c751e8b465ee728b)  -> (artifact id: '8b13c5829f24484ab646b4f686afc3bf') in 0.017575 seconds
Number of updated asset objects reloaded before import = 0
Number of asset objects unloaded after import = 10
========================================================================
Received Import Request.
  Time since last request: 0.000616 seconds.
  path: Assets/Scenes/JP_School library/Mesh/book01_3.fbx
  artifactKey: Guid(81515120ef7596e4ca799e388862d8a5) Importer(815301076,1909f56bfc062723c751e8b465ee728b)
Start importing Assets/Scenes/JP_School library/Mesh/book01_3.fbx using Guid(81515120ef7596e4ca799e388862d8a5) Importer(815301076,1909f56bfc062723c751e8b465ee728b)  -> (artifact id: '01a248e19af8fcc0f007ec76e48af38a') in 0.020153 seconds
Number of updated asset objects reloaded before import = 0
Number of asset objects unloaded after import = 10
========================================================================
Received Import Request.
  Time since last request: 2.940420 seconds.
  path: Assets/Scenes/JP_School library/Mesh/Materials/bench01_3.mat
  artifactKey: Guid(43aa8798e1d48e04f902c206faec6c60) Importer(815301076,1909f56bfc062723c751e8b465ee728b)
Start importing Assets/Scenes/JP_School library/Mesh/Materials/bench01_3.mat using Guid(43aa8798e1d48e04f902c206faec6c60) Importer(815301076,1909f56bfc062723c751e8b465ee728b)  -> (artifact id: '89a8728c7d33a78c1f333af1e3c12d2f') in 0.059012 seconds
Number of updated asset objects reloaded before import = 0
Number of asset objects unloaded after import = 3
========================================================================
Received Import Request.
  Time since last request: 0.000024 seconds.
  path: Assets/Scenes/JP_School library/Mesh/Materials/book01_1_sample.mat
  artifactKey: Guid(9f062ebf2a1f182418a7b7e842c4f7c7) Importer(815301076,1909f56bfc062723c751e8b465ee728b)
Start importing Assets/Scenes/JP_School library/Mesh/Materials/book01_1_sample.mat using Guid(9f062ebf2a1f182418a7b7e842c4f7c7) Importer(815301076,1909f56bfc062723c751e8b465ee728b)  -> (artifact id: '826172c60430afb7aa6bba445d553247') in 0.023132 seconds
Number of updated asset objects reloaded before import = 0
Number of asset objects unloaded after import = 3
========================================================================
Received Import Request.
  Time since last request: 0.000072 seconds.
  path: Assets/Scenes/JP_School library/Mesh/Materials/book01_2_sample.mat
  artifactKey: Guid(14bed30a962c5344ab3b57b8cabef3f7) Importer(815301076,1909f56bfc062723c751e8b465ee728b)
Start importing Assets/Scenes/JP_School library/Mesh/Materials/book01_2_sample.mat using Guid(14bed30a962c5344ab3b57b8cabef3f7) Importer(815301076,1909f56bfc062723c751e8b465ee728b)  -> (artifact id: '8327fc3e611110ccf0ca1202406df6af') in 0.014560 seconds
Number of updated asset objects reloaded before import = 0
Number of asset objects unloaded after import = 3
========================================================================
Received Import Request.
  Time since last request: 0.000031 seconds.
  path: Assets/Scenes/JP_School library/Mesh/Materials/book03_1_1.mat
  artifactKey: Guid(38cecb40b7b057941add5e85f3a124e2) Importer(815301076,1909f56bfc062723c751e8b465ee728b)
Start importing Assets/Scenes/JP_School library/Mesh/Materials/book03_1_1.mat using Guid(38cecb40b7b057941add5e85f3a124e2) Importer(815301076,1909f56bfc062723c751e8b465ee728b)  -> (artifact id: '0f7f16d187aa22231a8895939591dc3a') in 0.013747 seconds
Number of updated asset objects reloaded before import = 0
Number of asset objects unloaded after import = 3
Editor requested this worker to shutdown with reason: Scaling down because of idle timeout
TcpMessagingSession - receive error: operation aborted. errorcode: 995, details: 由于线程退出或应用程序请求，已中止 I/O 操作。
AssetImportWorker is now disconnected from the server
Process exiting
Exiting without the bug reporter. Application will terminate with return code 0